2001.10.17 12:28 B J:\SPECOLL\newWalterScott\biography\graphics\cc0027.jpg --> libcd2.lib.ed.ac.uk /disk/d3/wscott/biography/graphics cc0027.jpg
2001.10.17 12:28 B J:\SPECOLL\newWalterScott\biography\graphics\s0027.jpg --> libcd2.lib.ed.ac.uk /disk/d3/wscott/biography/graphics s0027.jpg
2001.10.19 16:58 B J:\SPECOLL\newWalterScott\biography\graphics\WS_FTP.LOG --> libcd2.lib.ed.ac.uk /disk/d3/wscott/biography/graphics WS_FTP.LOG
2001.10.23 13:27 B J:\SPECOLL\newWalterScott\biography\graphics\WS_FTP.LOG --> libcd2.lib.ed.ac.uk /disk/d3/wscott/biography/graphics WS_FTP.LOG
2001.11.02 10:50 B J:\SPECOLL\newWalterScott\biography\graphics\WS_FTP.LOG --> libcd2.lib.ed.ac.uk /disk/d3/wscott/biography/graphics WS_FTP.LOG
2001.11.02 11:27 B J:\SPECOLL\newWalterScott\biography\graphics\wynds.jpg --> libcd2.lib.ed.ac.uk /disk/d3/wscott/biography/graphics wynds.jpg
2001.11.02 11:27 B J:\SPECOLL\newWalterScott\biography\graphics\wynd.jpg --> libcd2.lib.ed.ac.uk /disk/d3/wscott/biography/graphics wynd.jpg
2001.11.02 11:30 B J:\SPECOLL\newWalterScott\biography\graphics\wynds.jpg --> libcd2.lib.ed.ac.uk /disk/d3/wscott/biography/graphics wynds.jpg
2001.11.12 14:28 B J:\SPECOLL\newWalterScott\biography\graphics\WS_FTP.LOG --> libcd2.lib.ed.ac.uk /disk/d3/wscott/biography/graphics WS_FTP.LOG
2001.11.12 14:33 B J:\SPECOLL\newWalterScott\biography\graphics\WS_FTP.LOG --> libcd2.lib.ed.ac.uk /disk/d3/wscott/biography/graphics WS_FTP.LOG
2001.11.20 14:54 B J:\SPECOLL\newWalterScott\biography\graphics\cc0045.jpg --> libcd2.lib.ed.ac.uk /disk/d3/wscott/biography/graphics cc0045.jpg
2001.11.20 14:54 B J:\SPECOLL\newWalterScott\biography\graphics\s0045.jpg --> libcd2.lib.ed.ac.uk /disk/d3/wscott/biography/graphics s0045.jpg
2001.11.20 14:54 B J:\SPECOLL\newWalterScott\biography\graphics\WS_FTP.LOG --> libcd2.lib.ed.ac.uk /disk/d3/wscott/biography/graphics WS_FTP.LOG
2001.11.20 16:43 B J:\SPECOLL\newWalterScott\biography\graphics\cc0010.jpg --> libcd2.lib.ed.ac.uk /disk/d3/wscott/biography/graphics cc0010.jpg
2001.11.20 16:43 B J:\SPECOLL\newWalterScott\biography\graphics\cc03.jpg --> libcd2.lib.ed.ac.uk /disk/d3/wscott/biography/graphics cc03.jpg
2001.11.20 16:43 B J:\SPECOLL\newWalterScott\biography\graphics\s03.jpg --> libcd2.lib.ed.ac.uk /disk/d3/wscott/biography/graphics s03.jpg
2001.11.20 16:43 B J:\SPECOLL\newWalterScott\biography\graphics\WS_FTP.LOG --> libcd2.lib.ed.ac.uk /disk/d3/wscott/biography/graphics WS_FTP.LOG
2001.11.21 15:46 B J:\SPECOLL\newWalterScott\biography\graphics\cc0024.jpg --> libcd2.lib.ed.ac.uk /disk/d3/wscott/biography/graphics cc0024.jpg
2001.11.21 15:46 B J:\SPECOLL\newWalterScott\biography\graphics\s0024.jpg --> libcd2.lib.ed.ac.uk /disk/d3/wscott/biography/graphics s0024.jpg
2001.11.21 16:37 B J:\SPECOLL\newWalterScott\biography\graphics\cc0028.jpg --> libcd2.lib.ed.ac.uk /disk/d3/wscott/biography/graphics cc0028.jpg
2001.11.21 16:37 B J:\SPECOLL\newWalterScott\biography\graphics\s0028.jpg --> libcd2.lib.ed.ac.uk /disk/d3/wscott/biography/graphics s0028.jpg
2001.11.21 16:37 B J:\SPECOLL\newWalterScott\biography\graphics\WS_FTP.LOG --> libcd2.lib.ed.ac.uk /disk/d3/wscott/biography/graphics WS_FTP.LOG
2001.11.21 16:58 B J:\SPECOLL\newWalterScott\biography\graphics\cc0048.jpg --> libcd2.lib.ed.ac.uk /disk/d3/wscott/biography/graphics cc0048.jpg
2001.11.21 16:58 B J:\SPECOLL\newWalterScott\biography\graphics\s048.jpg --> libcd2.lib.ed.ac.uk /disk/d3/wscott/biography/graphics s048.jpg
2001.11.22 10:36 B J:\SPECOLL\newWalterScott\biography\graphics\cc0013.jpg --> libcd2.lib.ed.ac.uk /disk/d3/wscott/biography/graphics cc0013.jpg
2001.11.22 10:36 B J:\SPECOLL\newWalterScott\biography\graphics\s013.jpg --> libcd2.lib.ed.ac.uk /disk/d3/wscott/biography/graphics s013.jpg
2001.11.22 10:36 B J:\SPECOLL\newWalterScott\biography\graphics\WS_FTP.LOG --> libcd2.lib.ed.ac.uk /disk/d3/wscott/biography/graphics WS_FTP.LOG
2001.11.22 10:54 B J:\SPECOLL\newWalterScott\biography\graphics\cc0059.jpg --> libcd2.lib.ed.ac.uk /disk/d3/wscott/biography/graphics cc0059.jpg
2001.11.22 10:54 B J:\SPECOLL\newWalterScott\biography\graphics\s0059.jpg --> libcd2.lib.ed.ac.uk /disk/d3/wscott/biography/graphics s0059.jpg
2001.11.22 10:54 B J:\SPECOLL\newWalterScott\biography\graphics\WS_FTP.LOG --> libcd2.lib.ed.ac.uk /disk/d3/wscott/biography/graphics WS_FTP.LOG
2001.11.22 11:24 B J:\SPECOLL\newWalterScott\biography\graphics\WS_FTP.LOG --> libcd2.lib.ed.ac.uk /disk/d3/wscott/biography/graphics WS_FTP.LOG
2001.11.23 10:06 B J:\SPECOLL\newWalterScott\biography\graphics\WS_FTP.LOG --> libcd2.lib.ed.ac.uk /disk/d3/wscott/biography/graphics WS_FTP.LOG
2001.11.26 15:26 B J:\SPECOLL\newWalterScott\biography\graphics\WS_FTP.LOG --> libcd2.lib.ed.ac.uk /disk/d3/wscott/biography/graphics WS_FTP.LOG
2001.11.30 14:17 B J:\SPECOLL\newWalterScott\biography\graphics\abbot.jpg --> libcd2.lib.ed.ac.uk /disk/d3/wscott/biography/graphics abbot.jpg
2001.11.30 14:17 B J:\SPECOLL\newWalterScott\biography\graphics\abbots.jpg --> libcd2.lib.ed.ac.uk /disk/d3/wscott/biography/graphics abbots.jpg
2001.11.30 14:17 B J:\SPECOLL\newWalterScott\biography\graphics\map.jpg --> libcd2.lib.ed.ac.uk /disk/d3/wscott/biography/graphics map.jpg
2001.11.30 14:17 B J:\SPECOLL\newWalterScott\biography\graphics\maps.jpg --> libcd2.lib.ed.ac.uk /disk/d3/wscott/biography/graphics maps.jpg
2001.12.04 12:28 B J:\SPECOLL\newWalterScott\biography\graphics\WS_FTP.LOG --> libcd2.lib.ed.ac.uk /disk/d3/wscott/biography/graphics WS_FTP.LOG
2001.12.06 15:52 B J:\SPECOLL\newWalterScott\biography\graphics\WS_FTP.LOG --> libcd2.lib.ed.ac.uk /disk/d3/wscott/biography/graphics WS_FTP.LOG
2001.12.14 14:44 B J:\SPECOLL\newWalterScott\biography\graphics\abbots.jpg --> libcd2.lib.ed.ac.uk /disk/d3/wscott/biography/graphics abbots.jpg
2001.12.14 14:45 B J:\SPECOLL\newWalterScott\biography\graphics\abbots.jpg --> libcd2.lib.ed.ac.uk /disk/d3/wscott/biography/graphics abbots.jpg
2002.05.06 10:03 B J:\specoll\newwalterscott\biography\graphics\cc0010.jpg <-- libcd2 /disk/d3/wscott/biography/graphics cc0010.jpg
2002.05.06 10:03 B J:\specoll\newwalterscott\biography\graphics\cc0013.jpg <-- libcd2 /disk/d3/wscott/biography/graphics cc0013.jpg
2002.05.06 10:03 B J:\specoll\newwalterscott\biography\graphics\cc0024.jpg <-- libcd2 /disk/d3/wscott/biography/graphics cc0024.jpg
2002.05.06 10:03 B J:\specoll\newwalterscott\biography\graphics\cc0028.jpg <-- libcd2 /disk/d3/wscott/biography/graphics cc0028.jpg
2002.05.06 10:03 B J:\specoll\newwalterscott\biography\graphics\cc0045.jpg <-- libcd2 /disk/d3/wscott/biography/graphics cc0045.jpg
2002.05.06 10:03 B J:\specoll\newwalterscott\biography\graphics\cc0048.jpg <-- libcd2 /disk/d3/wscott/biography/graphics cc0048.jpg
2002.05.06 10:03 B J:\specoll\newwalterscott\biography\graphics\cc0059.jpg <-- libcd2 /disk/d3/wscott/biography/graphics cc0059.jpg
2002.05.06 10:03 B J:\specoll\newwalterscott\biography\graphics\cc03.jpg <-- libcd2 /disk/d3/wscott/biography/graphics cc03.jpg
2002.05.06 10:03 B J:\specoll\newwalterscott\biography\graphics\map.jpg <-- libcd2 /disk/d3/wscott/biography/graphics map.jpg
2002.05.06 10:03 B J:\specoll\newwalterscott\biography\graphics\maps.jpg <-- libcd2 /disk/d3/wscott/biography/graphics maps.jpg
2002.05.06 10:03 B J:\specoll\newwalterscott\biography\graphics\s0024.jpg <-- libcd2 /disk/d3/wscott/biography/graphics s0024.jpg
2002.05.06 10:03 B J:\specoll\newwalterscott\biography\graphics\s0028.jpg <-- libcd2 /disk/d3/wscott/biography/graphics s0028.jpg
2002.05.06 10:03 B J:\specoll\newwalterscott\biography\graphics\s0045.jpg <-- libcd2 /disk/d3/wscott/biography/graphics s0045.jpg
2002.05.06 10:03 B J:\specoll\newwalterscott\biography\graphics\s0059.jpg <-- libcd2 /disk/d3/wscott/biography/graphics s0059.jpg
2002.05.06 10:03 B J:\specoll\newwalterscott\biography\graphics\s013.jpg <-- libcd2 /disk/d3/wscott/biography/graphics s013.jpg
2002.05.06 10:03 B J:\specoll\newwalterscott\biography\graphics\s03.jpg <-- libcd2 /disk/d3/wscott/biography/graphics s03.jpg
2002.05.06 10:03 B J:\specoll\newwalterscott\biography\graphics\s048.jpg <-- libcd2 /disk/d3/wscott/biography/graphics s048.jpg
2002.05.06 10:11 B J:\specoll\newwalterscott\biography\graphics\abbot.jpg --> libcd2.lib.ed.ac.uk /disk/d3/wscott/biography/graphics abbot.jpg
2002.05.06 10:11 B J:\specoll\newwalterscott\biography\graphics\cc0027.jpg --> libcd2.lib.ed.ac.uk /disk/d3/wscott/biography/graphics cc0027.jpg
2002.05.06 10:11 B J:\specoll\newwalterscott\biography\graphics\s0027.jpg --> libcd2.lib.ed.ac.uk /disk/d3/wscott/biography/graphics s0027.jpg
2002.05.06 10:11 B J:\specoll\newwalterscott\biography\graphics\ws_ftp.log --> libcd2.lib.ed.ac.uk /disk/d3/wscott/biography/graphics ws_ftp.log
2002.05.06 10:11 B J:\specoll\newwalterscott\biography\graphics\wynd.jpg --> libcd2.lib.ed.ac.uk /disk/d3/wscott/biography/graphics wynd.jpg
2002.05.06 10:11 B J:\specoll\newwalterscott\biography\graphics\wynds.jpg --> libcd2.lib.ed.ac.uk /disk/d3/wscott/biography/graphics wynds.jpg
