2001.06.25 12:38 B J:\newWalterScott\graphics\bar.jpg --> libcd2.lib.ed.ac.uk /disk/d3/wscott/graphics bar.jpg
2001.06.25 12:38 B J:\newWalterScott\graphics\bona.jpg --> libcd2.lib.ed.ac.uk /disk/d3/wscott/graphics bona.jpg
2001.06.25 12:38 B J:\newWalterScott\graphics\char.jpg --> libcd2.lib.ed.ac.uk /disk/d3/wscott/graphics char.jpg
2001.06.25 12:38 B J:\newWalterScott\graphics\paint.jpg --> libcd2.lib.ed.ac.uk /disk/d3/wscott/graphics paint.jpg
2001.06.25 12:38 B J:\newWalterScott\graphics\painting.jpg --> libcd2.lib.ed.ac.uk /disk/d3/wscott/graphics painting.jpg
2001.06.25 12:38 B J:\newWalterScott\graphics\point.gif --> libcd2.lib.ed.ac.uk /disk/d3/wscott/graphics point.gif
2001.06.25 12:38 B J:\newWalterScott\graphics\rob.jpg --> libcd2.lib.ed.ac.uk /disk/d3/wscott/graphics rob.jpg
2001.06.25 12:38 B J:\newWalterScott\graphics\street.jpg --> libcd2.lib.ed.ac.uk /disk/d3/wscott/graphics street.jpg
2001.06.25 12:38 B J:\newWalterScott\graphics\title2.jpg --> libcd2.lib.ed.ac.uk /disk/d3/wscott/graphics title2.jpg
2001.06.25 12:38 B J:\newWalterScott\graphics\titlesmall.jpg --> libcd2.lib.ed.ac.uk /disk/d3/wscott/graphics titlesmall.jpg
2001.06.25 12:38 B J:\newWalterScott\graphics\woman.jpg --> libcd2.lib.ed.ac.uk /disk/d3/wscott/graphics woman.jpg
2001.10.12 11:35 B J:\SPECOLL\newWalterScott\graphics\bar.jpg --> libcd2.lib.ed.ac.uk /disk/d3/wscott/graphics bar.jpg
2001.10.12 11:35 B J:\SPECOLL\newWalterScott\graphics\bona.jpg --> libcd2.lib.ed.ac.uk /disk/d3/wscott/graphics bona.jpg
2001.10.12 11:35 B J:\SPECOLL\newWalterScott\graphics\char.jpg --> libcd2.lib.ed.ac.uk /disk/d3/wscott/graphics char.jpg
2001.10.12 11:36 B J:\SPECOLL\newWalterScott\graphics\paint.jpg --> libcd2.lib.ed.ac.uk /disk/d3/wscott/graphics paint.jpg
2001.10.12 11:36 B J:\SPECOLL\newWalterScott\graphics\painting.jpg --> libcd2.lib.ed.ac.uk /disk/d3/wscott/graphics painting.jpg
2001.10.12 11:36 B J:\SPECOLL\newWalterScott\graphics\point.gif --> libcd2.lib.ed.ac.uk /disk/d3/wscott/graphics point.gif
2001.10.12 11:36 B J:\SPECOLL\newWalterScott\graphics\rob.jpg --> libcd2.lib.ed.ac.uk /disk/d3/wscott/graphics rob.jpg
2001.10.12 11:36 B J:\SPECOLL\newWalterScott\graphics\title2.jpg --> libcd2.lib.ed.ac.uk /disk/d3/wscott/graphics title2.jpg
2001.10.12 11:36 B J:\SPECOLL\newWalterScott\graphics\titlesmall.jpg --> libcd2.lib.ed.ac.uk /disk/d3/wscott/graphics titlesmall.jpg
2001.10.12 11:36 B J:\SPECOLL\newWalterScott\graphics\woman.jpg --> libcd2.lib.ed.ac.uk /disk/d3/wscott/graphics woman.jpg
2001.10.12 15:55 B J:\SPECOLL\newWalterScott\graphics\image.gif --> libcd2.lib.ed.ac.uk /disk/d3/wscott/graphics image.gif
2001.10.12 15:55 B J:\SPECOLL\newWalterScott\graphics\imdata.gif --> libcd2.lib.ed.ac.uk /disk/d3/wscott/graphics imdata.gif
2001.10.12 15:55 B J:\SPECOLL\newWalterScott\graphics\imdata.jpg --> libcd2.lib.ed.ac.uk /disk/d3/wscott/graphics imdata.jpg
2001.10.12 15:55 B J:\SPECOLL\newWalterScott\graphics\WS_FTP.LOG --> libcd2.lib.ed.ac.uk /disk/d3/wscott/graphics WS_FTP.LOG
2001.10.17 15:17 B J:\SPECOLL\newWalterScott\graphics\cc0004.jpg --> libcd2.lib.ed.ac.uk /disk/d3/wscott/graphics cc0004.jpg
2001.10.17 15:17 B J:\SPECOLL\newWalterScott\graphics\s0004.jpg --> libcd2.lib.ed.ac.uk /disk/d3/wscott/graphics s0004.jpg
2001.10.17 15:28 B J:\SPECOLL\newWalterScott\graphics\cc0002.jpg --> libcd2.lib.ed.ac.uk /disk/d3/wscott/graphics cc0002.jpg
2001.10.17 15:28 B J:\SPECOLL\newWalterScott\graphics\s0002.jpg --> libcd2.lib.ed.ac.uk /disk/d3/wscott/graphics s0002.jpg
2001.11.20 14:52 B J:\SPECOLL\newWalterScott\graphics\cc0003.jpg --> libcd2.lib.ed.ac.uk /disk/d3/wscott/graphics cc0003.jpg
2001.11.20 14:52 B J:\SPECOLL\newWalterScott\graphics\cc0005.jpg --> libcd2.lib.ed.ac.uk /disk/d3/wscott/graphics cc0005.jpg
2001.11.20 14:53 B J:\SPECOLL\newWalterScott\graphics\cc0006.jpg --> libcd2.lib.ed.ac.uk /disk/d3/wscott/graphics cc0006.jpg
2001.11.20 14:53 B J:\SPECOLL\newWalterScott\graphics\cc0007.jpg --> libcd2.lib.ed.ac.uk /disk/d3/wscott/graphics cc0007.jpg
2001.11.20 14:53 B J:\SPECOLL\newWalterScott\graphics\cc0010.jpg --> libcd2.lib.ed.ac.uk /disk/d3/wscott/graphics cc0010.jpg
2001.11.20 14:53 B J:\SPECOLL\newWalterScott\graphics\cc0013.jpg --> libcd2.lib.ed.ac.uk /disk/d3/wscott/graphics cc0013.jpg
2001.11.20 14:53 B J:\SPECOLL\newWalterScott\graphics\cc0031.jpg --> libcd2.lib.ed.ac.uk /disk/d3/wscott/graphics cc0031.jpg
2001.11.20 14:53 B J:\SPECOLL\newWalterScott\graphics\cc0052.JPG --> libcd2.lib.ed.ac.uk /disk/d3/wscott/graphics cc0052.JPG
2001.11.20 14:53 B J:\SPECOLL\newWalterScott\graphics\ccs0031.jpg --> libcd2.lib.ed.ac.uk /disk/d3/wscott/graphics ccs0031.jpg
2001.11.20 14:53 B J:\SPECOLL\newWalterScott\graphics\ccs0052.jpg --> libcd2.lib.ed.ac.uk /disk/d3/wscott/graphics ccs0052.jpg
2001.11.20 14:53 B J:\SPECOLL\newWalterScott\graphics\WS_FTP.LOG --> libcd2.lib.ed.ac.uk /disk/d3/wscott/graphics WS_FTP.LOG
2001.11.22 11:56 B J:\SPECOLL\newWalterScott\graphics\s065.jpg --> libcd2.lib.ed.ac.uk /disk/d3/wscott/graphics s065.jpg
2001.11.22 12:01 B J:\SPECOLL\newWalterScott\graphics\s0004.jpg --> libcd2.lib.ed.ac.uk /disk/d3/wscott/graphics s0004.jpg
2001.11.22 12:13 B J:\SPECOLL\newWalterScott\graphics\s17.jpg --> libcd2.lib.ed.ac.uk /disk/d3/wscott/graphics s17.jpg
2001.11.22 12:27 B J:\SPECOLL\newWalterScott\graphics\cc0066.jpg --> libcd2.lib.ed.ac.uk /disk/d3/wscott/graphics cc0066.jpg
2001.11.22 12:27 B J:\SPECOLL\newWalterScott\graphics\s066.jpg --> libcd2.lib.ed.ac.uk /disk/d3/wscott/graphics s066.jpg
2001.11.22 12:27 B J:\SPECOLL\newWalterScott\graphics\WS_FTP.LOG --> libcd2.lib.ed.ac.uk /disk/d3/wscott/graphics WS_FTP.LOG
2001.12.18 14:30 B J:\SPECOLL\newWalterScott\graphics\s065.jpg --> libcd2.lib.ed.ac.uk /disk/d3/wscott/graphics s065.jpg
2002.02.11 11:35 B J:\SPECOLL\newWalterScott\graphics\acroreaderid2.gif --> libcd2.lib.ed.ac.uk /disk/d3/wscott/graphics acroreaderid2.gif
2002.05.06 09:30 B J:\specoll\newwalterscott\graphics\bar.jpg --> libcd2.lib.ed.ac.uk /disk/d3/wscott/graphics bar.jpg
2002.05.06 09:30 B J:\specoll\newwalterscott\graphics\title2.jpg --> libcd2.lib.ed.ac.uk /disk/d3/wscott/graphics title2.jpg
2002.05.06 09:31 B J:\specoll\newwalterscott\graphics\s065.jpg --> libcd2.lib.ed.ac.uk /disk/d3/wscott/graphics s065.jpg
2002.05.06 09:37 B J:\specoll\newwalterscott\graphics\bona.jpg --> libcd2.lib.ed.ac.uk /disk/d3/wscott/graphics bona.jpg
2002.05.06 09:37 B J:\specoll\newwalterscott\graphics\cc0002.jpg --> libcd2.lib.ed.ac.uk /disk/d3/wscott/graphics cc0002.jpg
2002.05.06 09:37 B J:\specoll\newwalterscott\graphics\cc0003.jpg --> libcd2.lib.ed.ac.uk /disk/d3/wscott/graphics cc0003.jpg
2002.05.06 09:37 B J:\specoll\newwalterscott\graphics\cc0004.jpg --> libcd2.lib.ed.ac.uk /disk/d3/wscott/graphics cc0004.jpg
2002.05.06 09:37 B J:\specoll\newwalterscott\graphics\cc0005.jpg --> libcd2.lib.ed.ac.uk /disk/d3/wscott/graphics cc0005.jpg
2002.05.06 09:37 B J:\specoll\newwalterscott\graphics\cc0006.jpg --> libcd2.lib.ed.ac.uk /disk/d3/wscott/graphics cc0006.jpg
2002.05.06 09:37 B J:\specoll\newwalterscott\graphics\cc0007.jpg --> libcd2.lib.ed.ac.uk /disk/d3/wscott/graphics cc0007.jpg
2002.05.06 09:37 B J:\specoll\newwalterscott\graphics\cc0010.jpg --> libcd2.lib.ed.ac.uk /disk/d3/wscott/graphics cc0010.jpg
2002.05.06 09:37 B J:\specoll\newwalterscott\graphics\cc0013.jpg --> libcd2.lib.ed.ac.uk /disk/d3/wscott/graphics cc0013.jpg
2002.05.06 09:37 B J:\specoll\newwalterscott\graphics\cc0031.jpg --> libcd2.lib.ed.ac.uk /disk/d3/wscott/graphics cc0031.jpg
2002.05.06 09:37 B J:\specoll\newwalterscott\graphics\cc0052.jpg --> libcd2.lib.ed.ac.uk /disk/d3/wscott/graphics cc0052.jpg
2002.05.06 09:37 B J:\specoll\newwalterscott\graphics\cc0066.jpg --> libcd2.lib.ed.ac.uk /disk/d3/wscott/graphics cc0066.jpg
2002.05.06 09:37 B J:\specoll\newwalterscott\graphics\ccs0031.jpg --> libcd2.lib.ed.ac.uk /disk/d3/wscott/graphics ccs0031.jpg
2002.05.06 09:37 B J:\specoll\newwalterscott\graphics\ccs0052.jpg --> libcd2.lib.ed.ac.uk /disk/d3/wscott/graphics ccs0052.jpg
2002.05.06 09:37 B J:\specoll\newwalterscott\graphics\char.jpg --> libcd2.lib.ed.ac.uk /disk/d3/wscott/graphics char.jpg
2002.05.06 09:37 B J:\specoll\newwalterscott\graphics\imdata.gif --> libcd2.lib.ed.ac.uk /disk/d3/wscott/graphics imdata.gif
2002.05.06 09:37 B J:\specoll\newwalterscott\graphics\imdata.jpg --> libcd2.lib.ed.ac.uk /disk/d3/wscott/graphics imdata.jpg
2002.05.06 09:37 B J:\specoll\newwalterscott\graphics\paint.jpg --> libcd2.lib.ed.ac.uk /disk/d3/wscott/graphics paint.jpg
2002.05.06 09:37 B J:\specoll\newwalterscott\graphics\painting.jpg --> libcd2.lib.ed.ac.uk /disk/d3/wscott/graphics painting.jpg
2002.05.06 09:37 B J:\specoll\newwalterscott\graphics\rob.jpg --> libcd2.lib.ed.ac.uk /disk/d3/wscott/graphics rob.jpg
2002.05.06 09:37 B J:\specoll\newwalterscott\graphics\s0002.jpg --> libcd2.lib.ed.ac.uk /disk/d3/wscott/graphics s0002.jpg
2002.05.06 09:37 B J:\specoll\newwalterscott\graphics\woman.jpg --> libcd2.lib.ed.ac.uk /disk/d3/wscott/graphics woman.jpg
2002.05.06 09:37 B J:\specoll\newwalterscott\graphics\ws_ftp.log --> libcd2.lib.ed.ac.uk /disk/d3/wscott/graphics ws_ftp.log
2002.05.06 11:59 B J:\specoll\newwalterscott\graphics\bar.jpg --> libcd2.lib.ed.ac.uk /disk/d3/wscott/graphics bar.jpg
2002.05.06 11:59 B J:\specoll\newwalterscott\graphics\bona.jpg --> libcd2.lib.ed.ac.uk /disk/d3/wscott/graphics bona.jpg
2002.05.06 11:59 B J:\specoll\newwalterscott\graphics\cc0002.jpg --> libcd2.lib.ed.ac.uk /disk/d3/wscott/graphics cc0002.jpg
2002.05.06 11:59 B J:\specoll\newwalterscott\graphics\cc0003.jpg --> libcd2.lib.ed.ac.uk /disk/d3/wscott/graphics cc0003.jpg
2002.05.06 11:59 B J:\specoll\newwalterscott\graphics\cc0004.jpg --> libcd2.lib.ed.ac.uk /disk/d3/wscott/graphics cc0004.jpg
2002.05.06 11:59 B J:\specoll\newwalterscott\graphics\cc0005.jpg --> libcd2.lib.ed.ac.uk /disk/d3/wscott/graphics cc0005.jpg
2002.05.06 11:59 B J:\specoll\newwalterscott\graphics\cc0006.jpg --> libcd2.lib.ed.ac.uk /disk/d3/wscott/graphics cc0006.jpg
2002.05.06 11:59 B J:\specoll\newwalterscott\graphics\cc0007.jpg --> libcd2.lib.ed.ac.uk /disk/d3/wscott/graphics cc0007.jpg
2002.05.06 11:59 B J:\specoll\newwalterscott\graphics\cc0010.jpg --> libcd2.lib.ed.ac.uk /disk/d3/wscott/graphics cc0010.jpg
2002.05.06 11:59 B J:\specoll\newwalterscott\graphics\cc0013.jpg --> libcd2.lib.ed.ac.uk /disk/d3/wscott/graphics cc0013.jpg
2002.05.06 11:59 B J:\specoll\newwalterscott\graphics\cc0031.jpg --> libcd2.lib.ed.ac.uk /disk/d3/wscott/graphics cc0031.jpg
2002.05.06 11:59 B J:\specoll\newwalterscott\graphics\cc0052.jpg --> libcd2.lib.ed.ac.uk /disk/d3/wscott/graphics cc0052.jpg
2002.05.06 11:59 B J:\specoll\newwalterscott\graphics\cc0066.jpg --> libcd2.lib.ed.ac.uk /disk/d3/wscott/graphics cc0066.jpg
2002.05.06 11:59 B J:\specoll\newwalterscott\graphics\ccs0031.jpg --> libcd2.lib.ed.ac.uk /disk/d3/wscott/graphics ccs0031.jpg
2002.05.06 11:59 B J:\specoll\newwalterscott\graphics\ccs0052.jpg --> libcd2.lib.ed.ac.uk /disk/d3/wscott/graphics ccs0052.jpg
2002.05.06 11:59 B J:\specoll\newwalterscott\graphics\char.jpg --> libcd2.lib.ed.ac.uk /disk/d3/wscott/graphics char.jpg
2002.05.06 11:59 B J:\specoll\newwalterscott\graphics\imdata.gif --> libcd2.lib.ed.ac.uk /disk/d3/wscott/graphics imdata.gif
2002.05.06 11:59 B J:\specoll\newwalterscott\graphics\imdata.jpg --> libcd2.lib.ed.ac.uk /disk/d3/wscott/graphics imdata.jpg
2002.05.06 11:59 B J:\specoll\newwalterscott\graphics\paint.jpg --> libcd2.lib.ed.ac.uk /disk/d3/wscott/graphics paint.jpg
2002.05.06 11:59 B J:\specoll\newwalterscott\graphics\painting.jpg --> libcd2.lib.ed.ac.uk /disk/d3/wscott/graphics painting.jpg
2002.05.06 11:59 B J:\specoll\newwalterscott\graphics\rob.jpg --> libcd2.lib.ed.ac.uk /disk/d3/wscott/graphics rob.jpg
2002.05.06 11:59 B J:\specoll\newwalterscott\graphics\s0002.jpg --> libcd2.lib.ed.ac.uk /disk/d3/wscott/graphics s0002.jpg
2002.05.06 11:59 B J:\specoll\newwalterscott\graphics\woman.jpg --> libcd2.lib.ed.ac.uk /disk/d3/wscott/graphics woman.jpg
2002.05.06 11:59 B J:\specoll\newwalterscott\graphics\ws_ftp.log --> libcd2.lib.ed.ac.uk /disk/d3/wscott/graphics ws_ftp.log
2002.05.08 11:41 B J:\specoll\newwalterscott\graphics\bar.jpg --> libcd2.lib.ed.ac.uk /disk/d3/wscott/graphics bar.jpg
2002.05.08 11:41 B J:\specoll\newwalterscott\graphics\title2.gif --> libcd2.lib.ed.ac.uk /disk/d3/wscott/graphics title2.gif
2002.05.08 11:44 B J:\specoll\newwalterscott\graphics\titlesmall.jpg --> libcd2.lib.ed.ac.uk /disk/d3/wscott/graphics titlesmall.jpg
2002.05.08 11:49 B J:\specoll\newwalterscott\graphics\imdata.gif --> libcd2.lib.ed.ac.uk /disk/d3/wscott/graphics imdata.gif
2002.05.08 11:49 B J:\specoll\newwalterscott\graphics\imdata.gif --> libcd2.lib.ed.ac.uk /disk/d3/wscott/graphics imdata.gif
2002.08.13 10:19 B J:\specoll\newwalterscott\graphics\mac.gif --> libcd2.lib.ed.ac.uk /disk/d3/wscott/graphics mac.gif
2002.08.13 10:19 B J:\specoll\newwalterscott\graphics\windows.gif --> libcd2.lib.ed.ac.uk /disk/d3/wscott/graphics windows.gif
2002.08.13 10:25 B J:\specoll\newwalterscott\graphics\imagcoll.jpg --> libcd2.lib.ed.ac.uk /disk/d3/wscott/graphics imagcoll.jpg
2002.08.13 10:25 B J:\specoll\newwalterscott\graphics\bar.jpg --> libcd2.lib.ed.ac.uk /disk/d3/wscott/graphics bar.jpg
