2001.10.12 15:56 B J:\SPECOLL\newWalterScott\works\poetry\lady.html --> libcd2.lib.ed.ac.uk /disk/d3/wscott/works/poetry lady.html
2001.10.12 15:56 B J:\SPECOLL\newWalterScott\works\poetry\marmion.html --> libcd2.lib.ed.ac.uk /disk/d3/wscott/works/poetry marmion.html
2001.10.12 15:56 B J:\SPECOLL\newWalterScott\works\poetry\minstrel.html --> libcd2.lib.ed.ac.uk /disk/d3/wscott/works/poetry minstrel.html
2001.10.12 15:56 B J:\SPECOLL\newWalterScott\works\poetry\minstrelsy.html --> libcd2.lib.ed.ac.uk /disk/d3/wscott/works/poetry minstrelsy.html
2001.10.12 15:56 B J:\SPECOLL\newWalterScott\works\poetry\rokeby.html --> libcd2.lib.ed.ac.uk /disk/d3/wscott/works/poetry rokeby.html
2001.10.15 10:05 B J:\SPECOLL\newWalterScott\works\poetry\marmion.html --> libcd2.lib.ed.ac.uk /disk/d3/wscott/works/poetry marmion.html
2001.10.19 16:58 B J:\SPECOLL\newWalterScott\works\poetry\minstrel.html --> libcd2.lib.ed.ac.uk /disk/d3/wscott/works/poetry minstrel.html
2001.10.19 16:58 B J:\SPECOLL\newWalterScott\works\poetry\minstrelsy.html --> libcd2.lib.ed.ac.uk /disk/d3/wscott/works/poetry minstrelsy.html
2001.10.19 16:58 B J:\SPECOLL\newWalterScott\works\poetry\WS_FTP.LOG --> libcd2.lib.ed.ac.uk /disk/d3/wscott/works/poetry WS_FTP.LOG
2001.10.23 13:27 B J:\SPECOLL\newWalterScott\works\poetry\lady.html --> libcd2.lib.ed.ac.uk /disk/d3/wscott/works/poetry lady.html
2001.10.23 13:27 B J:\SPECOLL\newWalterScott\works\poetry\marmion.html --> libcd2.lib.ed.ac.uk /disk/d3/wscott/works/poetry marmion.html
2001.10.23 13:27 B J:\SPECOLL\newWalterScott\works\poetry\minstrel.html --> libcd2.lib.ed.ac.uk /disk/d3/wscott/works/poetry minstrel.html
2001.10.23 13:27 B J:\SPECOLL\newWalterScott\works\poetry\minstrelsy.html --> libcd2.lib.ed.ac.uk /disk/d3/wscott/works/poetry minstrelsy.html
2001.10.23 13:27 B J:\SPECOLL\newWalterScott\works\poetry\rokeby.html --> libcd2.lib.ed.ac.uk /disk/d3/wscott/works/poetry rokeby.html
2001.10.23 13:27 B J:\SPECOLL\newWalterScott\works\poetry\WS_FTP.LOG --> libcd2.lib.ed.ac.uk /disk/d3/wscott/works/poetry WS_FTP.LOG
2001.11.02 10:51 B J:\SPECOLL\newWalterScott\works\poetry\WS_FTP.LOG --> libcd2.lib.ed.ac.uk /disk/d3/wscott/works/poetry WS_FTP.LOG
2001.11.05 11:09 B J:\SPECOLL\newWalterScott\works\poetry\WS_FTP.LOG --> libcd2.lib.ed.ac.uk /disk/d3/wscott/works/poetry WS_FTP.LOG
2001.11.12 14:29 B J:\SPECOLL\newWalterScott\works\poetry\WS_FTP.LOG --> libcd2.lib.ed.ac.uk /disk/d3/wscott/works/poetry WS_FTP.LOG
2001.11.12 14:33 B J:\SPECOLL\newWalterScott\works\poetry\waterloo.html --> libcd2.lib.ed.ac.uk /disk/d3/wscott/works/poetry waterloo.html
2001.11.12 14:33 B J:\SPECOLL\newWalterScott\works\poetry\WS_FTP.LOG --> libcd2.lib.ed.ac.uk /disk/d3/wscott/works/poetry WS_FTP.LOG
2001.11.12 14:35 B J:\SPECOLL\newWalterScott\works\poetry\WS_FTP.LOG --> libcd2.lib.ed.ac.uk /disk/d3/wscott/works/poetry WS_FTP.LOG
2001.11.29 10:36 B J:\SPECOLL\newWalterScott\works\poetry\lady.html --> libcd2.lib.ed.ac.uk /disk/d3/wscott/works/poetry lady.html
2001.11.29 10:36 B J:\SPECOLL\newWalterScott\works\poetry\marmion.html --> libcd2.lib.ed.ac.uk /disk/d3/wscott/works/poetry marmion.html
2001.11.29 10:36 B J:\SPECOLL\newWalterScott\works\poetry\minstrel.html --> libcd2.lib.ed.ac.uk /disk/d3/wscott/works/poetry minstrel.html
2001.11.29 10:36 B J:\SPECOLL\newWalterScott\works\poetry\minstrelsy.html --> libcd2.lib.ed.ac.uk /disk/d3/wscott/works/poetry minstrelsy.html
2001.11.29 10:36 B J:\SPECOLL\newWalterScott\works\poetry\rokeby.html --> libcd2.lib.ed.ac.uk /disk/d3/wscott/works/poetry rokeby.html
2001.11.29 10:36 B J:\SPECOLL\newWalterScott\works\poetry\waterloo.html --> libcd2.lib.ed.ac.uk /disk/d3/wscott/works/poetry waterloo.html
2001.11.29 10:36 B J:\SPECOLL\newWalterScott\works\poetry\WS_FTP.LOG --> libcd2.lib.ed.ac.uk /disk/d3/wscott/works/poetry WS_FTP.LOG
2002.05.06 10:13 B J:\specoll\newwalterscott\works\poetry\lady.html --> libcd2.lib.ed.ac.uk /disk/d3/wscott/works/poetry lady.html
2002.05.06 10:13 B J:\specoll\newwalterscott\works\poetry\marmion.html --> libcd2.lib.ed.ac.uk /disk/d3/wscott/works/poetry marmion.html
2002.05.06 10:13 B J:\specoll\newwalterscott\works\poetry\minstrel.html --> libcd2.lib.ed.ac.uk /disk/d3/wscott/works/poetry minstrel.html
2002.05.06 10:13 B J:\specoll\newwalterscott\works\poetry\minstrelsy.html --> libcd2.lib.ed.ac.uk /disk/d3/wscott/works/poetry minstrelsy.html
2002.05.06 10:13 B J:\specoll\newwalterscott\works\poetry\rokeby.html --> libcd2.lib.ed.ac.uk /disk/d3/wscott/works/poetry rokeby.html
2002.05.06 10:13 B J:\specoll\newwalterscott\works\poetry\waterloo.html --> libcd2.lib.ed.ac.uk /disk/d3/wscott/works/poetry waterloo.html
2002.05.06 10:13 B J:\specoll\newwalterscott\works\poetry\ws_ftp.log --> libcd2.lib.ed.ac.uk /disk/d3/wscott/works/poetry ws_ftp.log
