2001.10.12 15:56 B J:\SPECOLL\newWalterScott\works\index.html --> libcd2.lib.ed.ac.uk /disk/d3/wscott/works index.html
2001.10.12 15:56 B J:\SPECOLL\newWalterScott\works\ivanhoe.jpg --> libcd2.lib.ed.ac.uk /disk/d3/wscott/works ivanhoe.jpg
2001.10.12 15:56 B J:\SPECOLL\newWalterScott\works\prince.jpg --> libcd2.lib.ed.ac.uk /disk/d3/wscott/works prince.jpg
2001.10.16 11:34 B J:\SPECOLL\newWalterScott\works\index.html --> libcd2.lib.ed.ac.uk /disk/d3/wscott/works index.html
2001.10.17 16:03 B J:\SPECOLL\newWalterScott\works\cc0053.html --> libcd2.lib.ed.ac.uk /disk/d3/wscott/works cc0053.html
2001.10.17 16:03 B J:\SPECOLL\newWalterScott\works\cc0053.jpg --> libcd2.lib.ed.ac.uk /disk/d3/wscott/works cc0053.jpg
2001.10.17 16:03 B J:\SPECOLL\newWalterScott\works\s0053.jpg --> libcd2.lib.ed.ac.uk /disk/d3/wscott/works s0053.jpg
2001.10.17 16:03 B J:\SPECOLL\newWalterScott\works\index.html --> libcd2.lib.ed.ac.uk /disk/d3/wscott/works index.html
2001.10.17 16:04 B J:\SPECOLL\newWalterScott\works\s0053.jpg --> libcd2.lib.ed.ac.uk /disk/d3/wscott/works s0053.jpg
2001.10.17 16:04 B J:\SPECOLL\newWalterScott\works\index.html --> libcd2.lib.ed.ac.uk /disk/d3/wscott/works index.html
2001.10.17 16:05 B J:\SPECOLL\newWalterScott\works\index.html --> libcd2.lib.ed.ac.uk /disk/d3/wscott/works index.html
2001.10.19 16:58 B J:\SPECOLL\newWalterScott\works\index.html --> libcd2.lib.ed.ac.uk /disk/d3/wscott/works index.html
2001.10.19 16:58 B J:\SPECOLL\newWalterScott\works\WS_FTP.LOG --> libcd2.lib.ed.ac.uk /disk/d3/wscott/works WS_FTP.LOG
2001.10.23 13:27 B J:\SPECOLL\newWalterScott\works\index.html --> libcd2.lib.ed.ac.uk /disk/d3/wscott/works index.html
2001.10.23 13:27 B J:\SPECOLL\newWalterScott\works\WS_FTP.LOG --> libcd2.lib.ed.ac.uk /disk/d3/wscott/works WS_FTP.LOG
2001.11.02 10:51 B J:\SPECOLL\newWalterScott\works\WS_FTP.LOG --> libcd2.lib.ed.ac.uk /disk/d3/wscott/works WS_FTP.LOG
2001.11.05 11:09 B J:\SPECOLL\newWalterScott\works\WS_FTP.LOG --> libcd2.lib.ed.ac.uk /disk/d3/wscott/works WS_FTP.LOG
2001.11.12 14:33 B J:\SPECOLL\newWalterScott\works\index.html --> libcd2.lib.ed.ac.uk /disk/d3/wscott/works index.html
2001.11.12 14:35 B J:\SPECOLL\newWalterScott\works\index.html --> libcd2.lib.ed.ac.uk /disk/d3/wscott/works index.html
2001.11.12 14:35 B J:\SPECOLL\newWalterScott\works\WS_FTP.LOG --> libcd2.lib.ed.ac.uk /disk/d3/wscott/works WS_FTP.LOG
2001.11.12 14:36 B J:\SPECOLL\newWalterScott\works\index.html --> libcd2.lib.ed.ac.uk /disk/d3/wscott/works index.html
2001.11.12 14:37 B J:\SPECOLL\newWalterScott\works\index.html --> libcd2.lib.ed.ac.uk /disk/d3/wscott/works index.html
2001.11.12 14:40 B J:\SPECOLL\newWalterScott\works\index.html --> libcd2.lib.ed.ac.uk /disk/d3/wscott/works index.html
2001.11.22 12:28 B J:\SPECOLL\newWalterScott\works\index.html --> libcd2.lib.ed.ac.uk /disk/d3/wscott/works index.html
2001.11.22 12:28 B J:\SPECOLL\newWalterScott\works\index.html --> libcd2.lib.ed.ac.uk /disk/d3/wscott/works index.html
2001.11.29 10:36 B J:\SPECOLL\newWalterScott\works\WS_FTP.LOG --> libcd2.lib.ed.ac.uk /disk/d3/wscott/works WS_FTP.LOG
2002.02.11 11:23 B J:\SPECOLL\newWalterScott\works\index.html --> libcd2.lib.ed.ac.uk /disk/d3/wscott/works index.html
2002.04.08 12:04 B J:\SPECOLL\newWalterScott\works\index.html --> libcd2.lib.ed.ac.uk /disk/d3/wscott/works index.html
2002.05.06 10:13 B J:\specoll\newwalterscott\works\cc0053.html --> libcd2.lib.ed.ac.uk /disk/d3/wscott/works cc0053.html
2002.05.06 10:14 B J:\specoll\newwalterscott\works\cc0053.jpg --> libcd2.lib.ed.ac.uk /disk/d3/wscott/works cc0053.jpg
2002.05.06 10:14 B J:\specoll\newwalterscott\works\index.html --> libcd2.lib.ed.ac.uk /disk/d3/wscott/works index.html
2002.05.06 10:14 B J:\specoll\newwalterscott\works\s0053.jpg --> libcd2.lib.ed.ac.uk /disk/d3/wscott/works s0053.jpg
2002.05.06 10:14 B J:\specoll\newwalterscott\works\ws_ftp.log --> libcd2.lib.ed.ac.uk /disk/d3/wscott/works ws_ftp.log
2002.05.06 10:25 B J:\specoll\newwalterscott\works\index.html --> libcd2.lib.ed.ac.uk /disk/d3/wscott/works index.html
