2001.10.12 15:56 B J:\SPECOLL\newWalterScott\works\novels\abbot.html --> libcd2.lib.ed.ac.uk /disk/d3/wscott/works/novels abbot.html
2001.10.12 15:56 B J:\SPECOLL\newWalterScott\works\novels\antiquary.html --> libcd2.lib.ed.ac.uk /disk/d3/wscott/works/novels antiquary.html
2001.10.12 15:56 B J:\SPECOLL\newWalterScott\works\novels\betrothed.html --> libcd2.lib.ed.ac.uk /disk/d3/wscott/works/novels betrothed.html
2001.10.12 15:56 B J:\SPECOLL\newWalterScott\works\novels\canongate.html --> libcd2.lib.ed.ac.uk /disk/d3/wscott/works/novels canongate.html
2001.10.12 15:56 B J:\SPECOLL\newWalterScott\works\novels\cavalier.html --> libcd2.lib.ed.ac.uk /disk/d3/wscott/works/novels cavalier.html
2001.10.12 15:56 B J:\SPECOLL\newWalterScott\works\novels\daughter.html --> libcd2.lib.ed.ac.uk /disk/d3/wscott/works/novels daughter.html
2001.10.12 15:56 B J:\SPECOLL\newWalterScott\works\novels\drovers.html --> libcd2.lib.ed.ac.uk /disk/d3/wscott/works/novels drovers.html
2001.10.12 15:56 B J:\SPECOLL\newWalterScott\works\novels\durward.html --> libcd2.lib.ed.ac.uk /disk/d3/wscott/works/novels durward.html
2001.10.12 15:56 B J:\SPECOLL\newWalterScott\works\novels\fairmaid.html --> libcd2.lib.ed.ac.uk /disk/d3/wscott/works/novels fairmaid.html
2001.10.12 15:56 B J:\SPECOLL\newWalterScott\works\novels\geierstein.html --> libcd2.lib.ed.ac.uk /disk/d3/wscott/works/novels geierstein.html
2001.10.12 15:56 B J:\SPECOLL\newWalterScott\works\novels\ivanhoe.html --> libcd2.lib.ed.ac.uk /disk/d3/wscott/works/novels ivanhoe.html
2001.10.12 15:56 B J:\SPECOLL\newWalterScott\works\novels\kenilw.html --> libcd2.lib.ed.ac.uk /disk/d3/wscott/works/novels kenilw.html
2001.10.12 15:56 B J:\SPECOLL\newWalterScott\works\novels\landl2.html --> libcd2.lib.ed.ac.uk /disk/d3/wscott/works/novels landl2.html
2001.10.12 15:56 B J:\SPECOLL\newWalterScott\works\novels\landl3.html --> libcd2.lib.ed.ac.uk /disk/d3/wscott/works/novels landl3.html
2001.10.12 15:56 B J:\SPECOLL\newWalterScott\works\novels\landl4.html --> libcd2.lib.ed.ac.uk /disk/d3/wscott/works/novels landl4.html
2001.10.12 15:56 B J:\SPECOLL\newWalterScott\works\novels\landlord.html --> libcd2.lib.ed.ac.uk /disk/d3/wscott/works/novels landlord.html
2001.10.12 15:56 B J:\SPECOLL\newWalterScott\works\novels\mannering.html --> libcd2.lib.ed.ac.uk /disk/d3/wscott/works/novels mannering.html
2001.10.12 15:56 B J:\SPECOLL\newWalterScott\works\novels\monastery.html --> libcd2.lib.ed.ac.uk /disk/d3/wscott/works/novels monastery.html
2001.10.12 15:56 B J:\SPECOLL\newWalterScott\works\novels\napoleon.html --> libcd2.lib.ed.ac.uk /disk/d3/wscott/works/novels napoleon.html
2001.10.12 15:56 B J:\SPECOLL\newWalterScott\works\novels\nigel.html --> libcd2.lib.ed.ac.uk /disk/d3/wscott/works/novels nigel.html
2001.10.12 15:56 B J:\SPECOLL\newWalterScott\works\novels\peak.html --> libcd2.lib.ed.ac.uk /disk/d3/wscott/works/novels peak.html
2001.10.12 15:56 B J:\SPECOLL\newWalterScott\works\novels\pirate.html --> libcd2.lib.ed.ac.uk /disk/d3/wscott/works/novels pirate.html
2001.10.12 15:56 B J:\SPECOLL\newWalterScott\works\novels\redgaun.html --> libcd2.lib.ed.ac.uk /disk/d3/wscott/works/novels redgaun.html
2001.10.12 15:56 B J:\SPECOLL\newWalterScott\works\novels\robroy.html --> libcd2.lib.ed.ac.uk /disk/d3/wscott/works/novels robroy.html
2001.10.12 15:56 B J:\SPECOLL\newWalterScott\works\novels\talisman.html --> libcd2.lib.ed.ac.uk /disk/d3/wscott/works/novels talisman.html
2001.10.12 15:56 B J:\SPECOLL\newWalterScott\works\novels\waterloo.html --> libcd2.lib.ed.ac.uk /disk/d3/wscott/works/novels waterloo.html
2001.10.12 15:56 B J:\SPECOLL\newWalterScott\works\novels\waverley.html --> libcd2.lib.ed.ac.uk /disk/d3/wscott/works/novels waverley.html
2001.10.12 15:56 B J:\SPECOLL\newWalterScott\works\novels\well.html --> libcd2.lib.ed.ac.uk /disk/d3/wscott/works/novels well.html
2001.10.12 15:56 B J:\SPECOLL\newWalterScott\works\novels\widow.html --> libcd2.lib.ed.ac.uk /disk/d3/wscott/works/novels widow.html
2001.10.19 16:58 B J:\SPECOLL\newWalterScott\works\novels\abbot.html --> libcd2.lib.ed.ac.uk /disk/d3/wscott/works/novels abbot.html
2001.10.19 16:58 B J:\SPECOLL\newWalterScott\works\novels\antiquary.html --> libcd2.lib.ed.ac.uk /disk/d3/wscott/works/novels antiquary.html
2001.10.19 16:58 B J:\SPECOLL\newWalterScott\works\novels\betrothed.html --> libcd2.lib.ed.ac.uk /disk/d3/wscott/works/novels betrothed.html
2001.10.19 16:58 B J:\SPECOLL\newWalterScott\works\novels\canongate.html --> libcd2.lib.ed.ac.uk /disk/d3/wscott/works/novels canongate.html
2001.10.19 16:58 B J:\SPECOLL\newWalterScott\works\novels\cavalier.html --> libcd2.lib.ed.ac.uk /disk/d3/wscott/works/novels cavalier.html
2001.10.19 16:58 B J:\SPECOLL\newWalterScott\works\novels\daughter.html --> libcd2.lib.ed.ac.uk /disk/d3/wscott/works/novels daughter.html
2001.10.19 16:58 B J:\SPECOLL\newWalterScott\works\novels\drovers.html --> libcd2.lib.ed.ac.uk /disk/d3/wscott/works/novels drovers.html
2001.10.19 16:58 B J:\SPECOLL\newWalterScott\works\novels\durward.html --> libcd2.lib.ed.ac.uk /disk/d3/wscott/works/novels durward.html
2001.10.19 16:58 B J:\SPECOLL\newWalterScott\works\novels\fairmaid.html --> libcd2.lib.ed.ac.uk /disk/d3/wscott/works/novels fairmaid.html
2001.10.19 16:58 B J:\SPECOLL\newWalterScott\works\novels\geierstein.html --> libcd2.lib.ed.ac.uk /disk/d3/wscott/works/novels geierstein.html
2001.10.19 16:58 B J:\SPECOLL\newWalterScott\works\novels\ivanhoe.html --> libcd2.lib.ed.ac.uk /disk/d3/wscott/works/novels ivanhoe.html
2001.10.19 16:58 B J:\SPECOLL\newWalterScott\works\novels\kenilw.html --> libcd2.lib.ed.ac.uk /disk/d3/wscott/works/novels kenilw.html
2001.10.19 16:58 B J:\SPECOLL\newWalterScott\works\novels\landl2.html --> libcd2.lib.ed.ac.uk /disk/d3/wscott/works/novels landl2.html
2001.10.19 16:58 B J:\SPECOLL\newWalterScott\works\novels\landl3.html --> libcd2.lib.ed.ac.uk /disk/d3/wscott/works/novels landl3.html
2001.10.19 16:58 B J:\SPECOLL\newWalterScott\works\novels\landl4.html --> libcd2.lib.ed.ac.uk /disk/d3/wscott/works/novels landl4.html
2001.10.19 16:58 B J:\SPECOLL\newWalterScott\works\novels\landlord.html --> libcd2.lib.ed.ac.uk /disk/d3/wscott/works/novels landlord.html
2001.10.19 16:58 B J:\SPECOLL\newWalterScott\works\novels\mannering.html --> libcd2.lib.ed.ac.uk /disk/d3/wscott/works/novels mannering.html
2001.10.19 16:58 B J:\SPECOLL\newWalterScott\works\novels\monastery.html --> libcd2.lib.ed.ac.uk /disk/d3/wscott/works/novels monastery.html
2001.10.19 16:58 B J:\SPECOLL\newWalterScott\works\novels\napoleon.html --> libcd2.lib.ed.ac.uk /disk/d3/wscott/works/novels napoleon.html
2001.10.19 16:58 B J:\SPECOLL\newWalterScott\works\novels\nigel.html --> libcd2.lib.ed.ac.uk /disk/d3/wscott/works/novels nigel.html
2001.10.19 16:58 B J:\SPECOLL\newWalterScott\works\novels\peak.html --> libcd2.lib.ed.ac.uk /disk/d3/wscott/works/novels peak.html
2001.10.19 16:58 B J:\SPECOLL\newWalterScott\works\novels\pirate.html --> libcd2.lib.ed.ac.uk /disk/d3/wscott/works/novels pirate.html
2001.10.19 16:58 B J:\SPECOLL\newWalterScott\works\novels\redgaun.html --> libcd2.lib.ed.ac.uk /disk/d3/wscott/works/novels redgaun.html
2001.10.19 16:58 B J:\SPECOLL\newWalterScott\works\novels\robroy.html --> libcd2.lib.ed.ac.uk /disk/d3/wscott/works/novels robroy.html
2001.10.19 16:58 B J:\SPECOLL\newWalterScott\works\novels\talisman.html --> libcd2.lib.ed.ac.uk /disk/d3/wscott/works/novels talisman.html
2001.10.19 16:58 B J:\SPECOLL\newWalterScott\works\novels\waterloo.html --> libcd2.lib.ed.ac.uk /disk/d3/wscott/works/novels waterloo.html
2001.10.19 16:58 B J:\SPECOLL\newWalterScott\works\novels\widow.html --> libcd2.lib.ed.ac.uk /disk/d3/wscott/works/novels widow.html
2001.10.19 16:58 B J:\SPECOLL\newWalterScott\works\novels\WS_FTP.LOG --> libcd2.lib.ed.ac.uk /disk/d3/wscott/works/novels WS_FTP.LOG
2001.10.23 13:27 B J:\SPECOLL\newWalterScott\works\novels\waterloo.html --> libcd2.lib.ed.ac.uk /disk/d3/wscott/works/novels waterloo.html
2001.10.23 13:27 B J:\SPECOLL\newWalterScott\works\novels\waverley.html --> libcd2.lib.ed.ac.uk /disk/d3/wscott/works/novels waverley.html
2001.10.23 13:27 B J:\SPECOLL\newWalterScott\works\novels\well.html --> libcd2.lib.ed.ac.uk /disk/d3/wscott/works/novels well.html
2001.10.23 13:27 B J:\SPECOLL\newWalterScott\works\novels\widow.html --> libcd2.lib.ed.ac.uk /disk/d3/wscott/works/novels widow.html
2001.10.23 13:27 B J:\SPECOLL\newWalterScott\works\novels\WS_FTP.LOG --> libcd2.lib.ed.ac.uk /disk/d3/wscott/works/novels WS_FTP.LOG
2001.11.02 10:51 B J:\SPECOLL\newWalterScott\works\novels\abbot.html --> libcd2.lib.ed.ac.uk /disk/d3/wscott/works/novels abbot.html
2001.11.02 10:51 B J:\SPECOLL\newWalterScott\works\novels\antiquary.html --> libcd2.lib.ed.ac.uk /disk/d3/wscott/works/novels antiquary.html
2001.11.02 10:51 B J:\SPECOLL\newWalterScott\works\novels\durward.html --> libcd2.lib.ed.ac.uk /disk/d3/wscott/works/novels durward.html
2001.11.02 10:51 B J:\SPECOLL\newWalterScott\works\novels\ivanhoe.html --> libcd2.lib.ed.ac.uk /disk/d3/wscott/works/novels ivanhoe.html
2001.11.02 10:51 B J:\SPECOLL\newWalterScott\works\novels\kenilw.html --> libcd2.lib.ed.ac.uk /disk/d3/wscott/works/novels kenilw.html
2001.11.02 10:51 B J:\SPECOLL\newWalterScott\works\novels\mannering.html --> libcd2.lib.ed.ac.uk /disk/d3/wscott/works/novels mannering.html
2001.11.02 10:51 B J:\SPECOLL\newWalterScott\works\novels\monastery.html --> libcd2.lib.ed.ac.uk /disk/d3/wscott/works/novels monastery.html
2001.11.02 10:51 B J:\SPECOLL\newWalterScott\works\novels\nigel.html --> libcd2.lib.ed.ac.uk /disk/d3/wscott/works/novels nigel.html
2001.11.02 10:51 B J:\SPECOLL\newWalterScott\works\novels\peak.html --> libcd2.lib.ed.ac.uk /disk/d3/wscott/works/novels peak.html
2001.11.02 10:51 B J:\SPECOLL\newWalterScott\works\novels\pirate.html --> libcd2.lib.ed.ac.uk /disk/d3/wscott/works/novels pirate.html
2001.11.02 10:51 B J:\SPECOLL\newWalterScott\works\novels\robroy.html --> libcd2.lib.ed.ac.uk /disk/d3/wscott/works/novels robroy.html
2001.11.02 10:51 B J:\SPECOLL\newWalterScott\works\novels\WS_FTP.LOG --> libcd2.lib.ed.ac.uk /disk/d3/wscott/works/novels WS_FTP.LOG
2001.11.05 11:09 B J:\SPECOLL\newWalterScott\works\novels\WS_FTP.LOG --> libcd2.lib.ed.ac.uk /disk/d3/wscott/works/novels WS_FTP.LOG
2001.11.12 14:28 B J:\SPECOLL\newWalterScott\works\novels\betrothed.html --> libcd2.lib.ed.ac.uk /disk/d3/wscott/works/novels betrothed.html
2001.11.12 14:28 B J:\SPECOLL\newWalterScott\works\novels\cavalier.html --> libcd2.lib.ed.ac.uk /disk/d3/wscott/works/novels cavalier.html
2001.11.12 14:28 B J:\SPECOLL\newWalterScott\works\novels\daughter.html --> libcd2.lib.ed.ac.uk /disk/d3/wscott/works/novels daughter.html
2001.11.12 14:28 B J:\SPECOLL\newWalterScott\works\novels\drovers.html --> libcd2.lib.ed.ac.uk /disk/d3/wscott/works/novels drovers.html
2001.11.12 14:28 B J:\SPECOLL\newWalterScott\works\novels\durward.html --> libcd2.lib.ed.ac.uk /disk/d3/wscott/works/novels durward.html
2001.11.12 14:28 B J:\SPECOLL\newWalterScott\works\novels\fairmaid.html --> libcd2.lib.ed.ac.uk /disk/d3/wscott/works/novels fairmaid.html
2001.11.12 14:28 B J:\SPECOLL\newWalterScott\works\novels\geierstein.html --> libcd2.lib.ed.ac.uk /disk/d3/wscott/works/novels geierstein.html
2001.11.12 14:28 B J:\SPECOLL\newWalterScott\works\novels\landl2.html --> libcd2.lib.ed.ac.uk /disk/d3/wscott/works/novels landl2.html
2001.11.12 14:28 B J:\SPECOLL\newWalterScott\works\novels\landl3.html --> libcd2.lib.ed.ac.uk /disk/d3/wscott/works/novels landl3.html
2001.11.12 14:29 B J:\SPECOLL\newWalterScott\works\novels\landl4.html --> libcd2.lib.ed.ac.uk /disk/d3/wscott/works/novels landl4.html
2001.11.12 14:29 B J:\SPECOLL\newWalterScott\works\novels\landlord.html --> libcd2.lib.ed.ac.uk /disk/d3/wscott/works/novels landlord.html
2001.11.12 14:29 B J:\SPECOLL\newWalterScott\works\novels\napoleon.html --> libcd2.lib.ed.ac.uk /disk/d3/wscott/works/novels napoleon.html
2001.11.12 14:29 B J:\SPECOLL\newWalterScott\works\novels\redgaun.html --> libcd2.lib.ed.ac.uk /disk/d3/wscott/works/novels redgaun.html
2001.11.12 14:29 B J:\SPECOLL\newWalterScott\works\novels\talisman.html --> libcd2.lib.ed.ac.uk /disk/d3/wscott/works/novels talisman.html
2001.11.12 14:29 B J:\SPECOLL\newWalterScott\works\novels\waterloo.html --> libcd2.lib.ed.ac.uk /disk/d3/wscott/works/novels waterloo.html
2001.11.12 14:29 B J:\SPECOLL\newWalterScott\works\novels\well.html --> libcd2.lib.ed.ac.uk /disk/d3/wscott/works/novels well.html
2001.11.12 14:29 B J:\SPECOLL\newWalterScott\works\novels\widow.html --> libcd2.lib.ed.ac.uk /disk/d3/wscott/works/novels widow.html
2001.11.12 14:29 B J:\SPECOLL\newWalterScott\works\novels\WS_FTP.LOG --> libcd2.lib.ed.ac.uk /disk/d3/wscott/works/novels WS_FTP.LOG
2001.11.12 14:33 B J:\SPECOLL\newWalterScott\works\novels\WS_FTP.LOG --> libcd2.lib.ed.ac.uk /disk/d3/wscott/works/novels WS_FTP.LOG
2001.11.12 14:35 B J:\SPECOLL\newWalterScott\works\novels\WS_FTP.LOG --> libcd2.lib.ed.ac.uk /disk/d3/wscott/works/novels WS_FTP.LOG
2001.11.20 14:59 B J:\SPECOLL\newWalterScott\works\novels\waverley.html --> libcd2.lib.ed.ac.uk /disk/d3/wscott/works/novels waverley.html
2001.11.20 14:59 B J:\SPECOLL\newWalterScott\works\novels\cc0060.htm --> libcd2.lib.ed.ac.uk /disk/d3/wscott/works/novels cc0060.htm
2001.11.29 10:35 B J:\SPECOLL\newWalterScott\works\novels\abbot.html --> libcd2.lib.ed.ac.uk /disk/d3/wscott/works/novels abbot.html
2001.11.29 10:35 B J:\SPECOLL\newWalterScott\works\novels\antiquary.html --> libcd2.lib.ed.ac.uk /disk/d3/wscott/works/novels antiquary.html
2001.11.29 10:35 B J:\SPECOLL\newWalterScott\works\novels\betrothed.html --> libcd2.lib.ed.ac.uk /disk/d3/wscott/works/novels betrothed.html
2001.11.29 10:35 B J:\SPECOLL\newWalterScott\works\novels\canongate.html --> libcd2.lib.ed.ac.uk /disk/d3/wscott/works/novels canongate.html
2001.11.29 10:35 B J:\SPECOLL\newWalterScott\works\novels\cavalier.html --> libcd2.lib.ed.ac.uk /disk/d3/wscott/works/novels cavalier.html
2001.11.29 10:35 B J:\SPECOLL\newWalterScott\works\novels\cc0004.html --> libcd2.lib.ed.ac.uk /disk/d3/wscott/works/novels cc0004.html
2001.11.29 10:35 B J:\SPECOLL\newWalterScott\works\novels\daughter.html --> libcd2.lib.ed.ac.uk /disk/d3/wscott/works/novels daughter.html
2001.11.29 10:35 B J:\SPECOLL\newWalterScott\works\novels\drovers.html --> libcd2.lib.ed.ac.uk /disk/d3/wscott/works/novels drovers.html
2001.11.29 10:35 B J:\SPECOLL\newWalterScott\works\novels\durward.html --> libcd2.lib.ed.ac.uk /disk/d3/wscott/works/novels durward.html
2001.11.29 10:35 B J:\SPECOLL\newWalterScott\works\novels\fairmaid.html --> libcd2.lib.ed.ac.uk /disk/d3/wscott/works/novels fairmaid.html
2001.11.29 10:35 B J:\SPECOLL\newWalterScott\works\novels\geierstein.html --> libcd2.lib.ed.ac.uk /disk/d3/wscott/works/novels geierstein.html
2001.11.29 10:35 B J:\SPECOLL\newWalterScott\works\novels\ivanhoe.html --> libcd2.lib.ed.ac.uk /disk/d3/wscott/works/novels ivanhoe.html
2001.11.29 10:35 B J:\SPECOLL\newWalterScott\works\novels\kenilw.html --> libcd2.lib.ed.ac.uk /disk/d3/wscott/works/novels kenilw.html
2001.11.29 10:35 B J:\SPECOLL\newWalterScott\works\novels\landl2.html --> libcd2.lib.ed.ac.uk /disk/d3/wscott/works/novels landl2.html
2001.11.29 10:35 B J:\SPECOLL\newWalterScott\works\novels\landl3.html --> libcd2.lib.ed.ac.uk /disk/d3/wscott/works/novels landl3.html
2001.11.29 10:35 B J:\SPECOLL\newWalterScott\works\novels\landl4.html --> libcd2.lib.ed.ac.uk /disk/d3/wscott/works/novels landl4.html
2001.11.29 10:35 B J:\SPECOLL\newWalterScott\works\novels\landlord.html --> libcd2.lib.ed.ac.uk /disk/d3/wscott/works/novels landlord.html
2001.11.29 10:35 B J:\SPECOLL\newWalterScott\works\novels\mannering.html --> libcd2.lib.ed.ac.uk /disk/d3/wscott/works/novels mannering.html
2001.11.29 10:35 B J:\SPECOLL\newWalterScott\works\novels\monastery.html --> libcd2.lib.ed.ac.uk /disk/d3/wscott/works/novels monastery.html
2001.11.29 10:35 B J:\SPECOLL\newWalterScott\works\novels\napoleon.html --> libcd2.lib.ed.ac.uk /disk/d3/wscott/works/novels napoleon.html
2001.11.29 10:35 B J:\SPECOLL\newWalterScott\works\novels\nigel.html --> libcd2.lib.ed.ac.uk /disk/d3/wscott/works/novels nigel.html
2001.11.29 10:35 B J:\SPECOLL\newWalterScott\works\novels\peak.html --> libcd2.lib.ed.ac.uk /disk/d3/wscott/works/novels peak.html
2001.11.29 10:35 B J:\SPECOLL\newWalterScott\works\novels\pirate.html --> libcd2.lib.ed.ac.uk /disk/d3/wscott/works/novels pirate.html
2001.11.29 10:35 B J:\SPECOLL\newWalterScott\works\novels\redgaun.html --> libcd2.lib.ed.ac.uk /disk/d3/wscott/works/novels redgaun.html
2001.11.29 10:35 B J:\SPECOLL\newWalterScott\works\novels\robroy.html --> libcd2.lib.ed.ac.uk /disk/d3/wscott/works/novels robroy.html
2001.11.29 10:35 B J:\SPECOLL\newWalterScott\works\novels\talisman.html --> libcd2.lib.ed.ac.uk /disk/d3/wscott/works/novels talisman.html
2001.11.29 10:35 B J:\SPECOLL\newWalterScott\works\novels\waverley.html --> libcd2.lib.ed.ac.uk /disk/d3/wscott/works/novels waverley.html
2001.11.29 10:36 B J:\SPECOLL\newWalterScott\works\novels\well.html --> libcd2.lib.ed.ac.uk /disk/d3/wscott/works/novels well.html
2001.11.29 10:36 B J:\SPECOLL\newWalterScott\works\novels\widow.html --> libcd2.lib.ed.ac.uk /disk/d3/wscott/works/novels widow.html
2001.11.29 10:36 B J:\SPECOLL\newWalterScott\works\novels\WS_FTP.LOG --> libcd2.lib.ed.ac.uk /disk/d3/wscott/works/novels WS_FTP.LOG
2002.01.17 14:51 B J:\SPECOLL\newWalterScott\works\novels\napoleon.html --> libcd2.lib.ed.ac.uk /disk/d3/wscott/works/novels napoleon.html
2002.05.06 10:13 B J:\specoll\newwalterscott\works\novels\abbot.html --> libcd2.lib.ed.ac.uk /disk/d3/wscott/works/novels abbot.html
2002.05.06 10:13 B J:\specoll\newwalterscott\works\novels\antiquary.html --> libcd2.lib.ed.ac.uk /disk/d3/wscott/works/novels antiquary.html
2002.05.06 10:13 B J:\specoll\newwalterscott\works\novels\betrothed.html --> libcd2.lib.ed.ac.uk /disk/d3/wscott/works/novels betrothed.html
2002.05.06 10:13 B J:\specoll\newwalterscott\works\novels\canongate.html --> libcd2.lib.ed.ac.uk /disk/d3/wscott/works/novels canongate.html
2002.05.06 10:13 B J:\specoll\newwalterscott\works\novels\cavalier.html --> libcd2.lib.ed.ac.uk /disk/d3/wscott/works/novels cavalier.html
2002.05.06 10:13 B J:\specoll\newwalterscott\works\novels\daughter.html --> libcd2.lib.ed.ac.uk /disk/d3/wscott/works/novels daughter.html
2002.05.06 10:13 B J:\specoll\newwalterscott\works\novels\drovers.html --> libcd2.lib.ed.ac.uk /disk/d3/wscott/works/novels drovers.html
2002.05.06 10:13 B J:\specoll\newwalterscott\works\novels\durward.html --> libcd2.lib.ed.ac.uk /disk/d3/wscott/works/novels durward.html
2002.05.06 10:13 B J:\specoll\newwalterscott\works\novels\fairmaid.html --> libcd2.lib.ed.ac.uk /disk/d3/wscott/works/novels fairmaid.html
2002.05.06 10:13 B J:\specoll\newwalterscott\works\novels\geierstein.html --> libcd2.lib.ed.ac.uk /disk/d3/wscott/works/novels geierstein.html
2002.05.06 10:13 B J:\specoll\newwalterscott\works\novels\ivanhoe.html --> libcd2.lib.ed.ac.uk /disk/d3/wscott/works/novels ivanhoe.html
2002.05.06 10:13 B J:\specoll\newwalterscott\works\novels\kenilw.html --> libcd2.lib.ed.ac.uk /disk/d3/wscott/works/novels kenilw.html
2002.05.06 10:13 B J:\specoll\newwalterscott\works\novels\landl2.html --> libcd2.lib.ed.ac.uk /disk/d3/wscott/works/novels landl2.html
2002.05.06 10:13 B J:\specoll\newwalterscott\works\novels\landl3.html --> libcd2.lib.ed.ac.uk /disk/d3/wscott/works/novels landl3.html
2002.05.06 10:13 B J:\specoll\newwalterscott\works\novels\landl4.html --> libcd2.lib.ed.ac.uk /disk/d3/wscott/works/novels landl4.html
2002.05.06 10:13 B J:\specoll\newwalterscott\works\novels\landlord.html --> libcd2.lib.ed.ac.uk /disk/d3/wscott/works/novels landlord.html
2002.05.06 10:13 B J:\specoll\newwalterscott\works\novels\mannering.html --> libcd2.lib.ed.ac.uk /disk/d3/wscott/works/novels mannering.html
2002.05.06 10:13 B J:\specoll\newwalterscott\works\novels\monastery.html --> libcd2.lib.ed.ac.uk /disk/d3/wscott/works/novels monastery.html
2002.05.06 10:13 B J:\specoll\newwalterscott\works\novels\napoleon.html --> libcd2.lib.ed.ac.uk /disk/d3/wscott/works/novels napoleon.html
2002.05.06 10:13 B J:\specoll\newwalterscott\works\novels\nigel.html --> libcd2.lib.ed.ac.uk /disk/d3/wscott/works/novels nigel.html
2002.05.06 10:13 B J:\specoll\newwalterscott\works\novels\peak.html --> libcd2.lib.ed.ac.uk /disk/d3/wscott/works/novels peak.html
2002.05.06 10:13 B J:\specoll\newwalterscott\works\novels\pirate.html --> libcd2.lib.ed.ac.uk /disk/d3/wscott/works/novels pirate.html
2002.05.06 10:13 B J:\specoll\newwalterscott\works\novels\redgaun.html --> libcd2.lib.ed.ac.uk /disk/d3/wscott/works/novels redgaun.html
2002.05.06 10:13 B J:\specoll\newwalterscott\works\novels\robroy.html --> libcd2.lib.ed.ac.uk /disk/d3/wscott/works/novels robroy.html
2002.05.06 10:13 B J:\specoll\newwalterscott\works\novels\talisman.html --> libcd2.lib.ed.ac.uk /disk/d3/wscott/works/novels talisman.html
2002.05.06 10:13 B J:\specoll\newwalterscott\works\novels\well.html --> libcd2.lib.ed.ac.uk /disk/d3/wscott/works/novels well.html
2002.05.06 10:13 B J:\specoll\newwalterscott\works\novels\widow.html --> libcd2.lib.ed.ac.uk /disk/d3/wscott/works/novels widow.html
2002.05.06 10:13 B J:\specoll\newwalterscott\works\novels\ws_ftp.log --> libcd2.lib.ed.ac.uk /disk/d3/wscott/works/novels ws_ftp.log
