2001.10.12 15:55 B J:\SPECOLL\newWalterScott\biography\authorship.html --> libcd2.lib.ed.ac.uk /disk/d3/wscott/biography authorship.html
2001.10.12 15:55 B J:\SPECOLL\newWalterScott\biography\backgr.html --> libcd2.lib.ed.ac.uk /disk/d3/wscott/biography backgr.html
2001.10.12 15:55 B J:\SPECOLL\newWalterScott\biography\ballant.html --> libcd2.lib.ed.ac.uk /disk/d3/wscott/biography ballant.html
2001.10.12 15:55 B J:\SPECOLL\newWalterScott\biography\beginning.html --> libcd2.lib.ed.ac.uk /disk/d3/wscott/biography beginning.html
2001.10.12 15:55 B J:\SPECOLL\newWalterScott\biography\belsches.html --> libcd2.lib.ed.ac.uk /disk/d3/wscott/biography belsches.html
2001.10.12 15:55 B J:\SPECOLL\newWalterScott\biography\blank.html --> libcd2.lib.ed.ac.uk /disk/d3/wscott/biography blank.html
2001.10.12 15:55 B J:\SPECOLL\newWalterScott\biography\burns.html --> libcd2.lib.ed.ac.uk /disk/d3/wscott/biography burns.html
2001.10.12 15:55 B J:\SPECOLL\newWalterScott\biography\carpentier.html --> libcd2.lib.ed.ac.uk /disk/d3/wscott/biography carpentier.html
2001.10.12 15:55 B J:\SPECOLL\newWalterScott\biography\chronology.html --> libcd2.lib.ed.ac.uk /disk/d3/wscott/biography chronology.html
2001.10.12 15:55 B J:\SPECOLL\newWalterScott\biography\finance.html --> libcd2.lib.ed.ac.uk /disk/d3/wscott/biography finance.html
2001.10.12 15:55 B J:\SPECOLL\newWalterScott\biography\hogg.html --> libcd2.lib.ed.ac.uk /disk/d3/wscott/biography hogg.html
2001.10.12 15:55 B J:\SPECOLL\newWalterScott\biography\homes.html --> libcd2.lib.ed.ac.uk /disk/d3/wscott/biography homes.html
2001.10.12 15:55 B J:\SPECOLL\newWalterScott\biography\index.html --> libcd2.lib.ed.ac.uk /disk/d3/wscott/biography index.html
2001.10.12 15:55 B J:\SPECOLL\newWalterScott\biography\marriage.html --> libcd2.lib.ed.ac.uk /disk/d3/wscott/biography marriage.html
2001.10.12 15:55 B J:\SPECOLL\newWalterScott\biography\novel.html --> libcd2.lib.ed.ac.uk /disk/d3/wscott/biography novel.html
2001.10.12 15:55 B J:\SPECOLL\newWalterScott\biography\poet.html --> libcd2.lib.ed.ac.uk /disk/d3/wscott/biography poet.html
2001.10.12 15:55 B J:\SPECOLL\newWalterScott\biography\sandy.html --> libcd2.lib.ed.ac.uk /disk/d3/wscott/biography sandy.html
2001.10.12 15:55 B J:\SPECOLL\newWalterScott\biography\~$ronology.html --> libcd2.lib.ed.ac.uk /disk/d3/wscott/biography ~$ronology.html
2001.10.15 09:50 B J:\SPECOLL\newWalterScott\biography\index.html --> libcd2.lib.ed.ac.uk /disk/d3/wscott/biography index.html
2001.10.15 09:50 B J:\SPECOLL\newWalterScott\biography\homes.html --> libcd2.lib.ed.ac.uk /disk/d3/wscott/biography homes.html
2001.10.15 09:50 B J:\SPECOLL\newWalterScott\biography\index.html --> libcd2.lib.ed.ac.uk /disk/d3/wscott/biography index.html
2001.10.15 09:51 B J:\SPECOLL\newWalterScott\biography\index.html --> libcd2.lib.ed.ac.uk /disk/d3/wscott/biography index.html
2001.10.15 09:54 B J:\SPECOLL\newWalterScott\biography\homes.html --> libcd2.lib.ed.ac.uk /disk/d3/wscott/biography homes.html
2001.10.15 09:58 B J:\SPECOLL\newWalterScott\biography\finance.html --> libcd2.lib.ed.ac.uk /disk/d3/wscott/biography finance.html
2001.10.15 10:02 B J:\SPECOLL\newWalterScott\biography\finance.html --> libcd2.lib.ed.ac.uk /disk/d3/wscott/biography finance.html
2001.10.15 10:03 B J:\SPECOLL\newWalterScott\biography\chronology.html --> libcd2.lib.ed.ac.uk /disk/d3/wscott/biography chronology.html
2001.10.15 10:03 B J:\SPECOLL\newWalterScott\biography\homes.html --> libcd2.lib.ed.ac.uk /disk/d3/wscott/biography homes.html
2001.10.15 14:19 B J:\SPECOLL\newWalterScott\biography\authorship.html --> libcd2.lib.ed.ac.uk /disk/d3/wscott/biography authorship.html
2001.10.15 14:19 B J:\SPECOLL\newWalterScott\biography\backgr.html --> libcd2.lib.ed.ac.uk /disk/d3/wscott/biography backgr.html
2001.10.15 14:19 B J:\SPECOLL\newWalterScott\biography\ballant.html --> libcd2.lib.ed.ac.uk /disk/d3/wscott/biography ballant.html
2001.10.15 14:19 B J:\SPECOLL\newWalterScott\biography\beginning.html --> libcd2.lib.ed.ac.uk /disk/d3/wscott/biography beginning.html
2001.10.15 14:19 B J:\SPECOLL\newWalterScott\biography\belsches.html --> libcd2.lib.ed.ac.uk /disk/d3/wscott/biography belsches.html
2001.10.15 14:19 B J:\SPECOLL\newWalterScott\biography\burns.html --> libcd2.lib.ed.ac.uk /disk/d3/wscott/biography burns.html
2001.10.15 14:19 B J:\SPECOLL\newWalterScott\biography\carpentier.html --> libcd2.lib.ed.ac.uk /disk/d3/wscott/biography carpentier.html
2001.10.15 14:19 B J:\SPECOLL\newWalterScott\biography\chronology.html --> libcd2.lib.ed.ac.uk /disk/d3/wscott/biography chronology.html
2001.10.15 14:19 B J:\SPECOLL\newWalterScott\biography\finance.html --> libcd2.lib.ed.ac.uk /disk/d3/wscott/biography finance.html
2001.10.15 14:19 B J:\SPECOLL\newWalterScott\biography\hogg.html --> libcd2.lib.ed.ac.uk /disk/d3/wscott/biography hogg.html
2001.10.15 14:19 B J:\SPECOLL\newWalterScott\biography\homes.html --> libcd2.lib.ed.ac.uk /disk/d3/wscott/biography homes.html
2001.10.15 14:19 B J:\SPECOLL\newWalterScott\biography\index.html --> libcd2.lib.ed.ac.uk /disk/d3/wscott/biography index.html
2001.10.15 14:19 B J:\SPECOLL\newWalterScott\biography\marriage.html --> libcd2.lib.ed.ac.uk /disk/d3/wscott/biography marriage.html
2001.10.15 14:19 B J:\SPECOLL\newWalterScott\biography\novel.html --> libcd2.lib.ed.ac.uk /disk/d3/wscott/biography novel.html
2001.10.15 14:19 B J:\SPECOLL\newWalterScott\biography\poet.html --> libcd2.lib.ed.ac.uk /disk/d3/wscott/biography poet.html
2001.10.15 14:19 B J:\SPECOLL\newWalterScott\biography\sandy.html --> libcd2.lib.ed.ac.uk /disk/d3/wscott/biography sandy.html
2001.10.15 14:19 B J:\SPECOLL\newWalterScott\biography\WS_FTP.LOG --> libcd2.lib.ed.ac.uk /disk/d3/wscott/biography WS_FTP.LOG
2001.10.16 11:32 B J:\SPECOLL\newWalterScott\biography\hogg.html --> libcd2.lib.ed.ac.uk /disk/d3/wscott/biography hogg.html
2001.10.16 11:32 B J:\SPECOLL\newWalterScott\biography\hogg.html --> libcd2.lib.ed.ac.uk /disk/d3/wscott/biography hogg.html
2001.10.17 12:28 B J:\SPECOLL\newWalterScott\biography\homes.html --> libcd2.lib.ed.ac.uk /disk/d3/wscott/biography homes.html
2001.10.17 12:32 B J:\SPECOLL\newWalterScott\biography\homes.html --> libcd2.lib.ed.ac.uk /disk/d3/wscott/biography homes.html
2001.10.17 12:32 B J:\SPECOLL\newWalterScott\biography\cc00027.html --> libcd2.lib.ed.ac.uk /disk/d3/wscott/biography cc00027.html
2001.10.19 16:58 B J:\SPECOLL\newWalterScott\biography\authorship.html --> libcd2.lib.ed.ac.uk /disk/d3/wscott/biography authorship.html
2001.10.19 16:58 B J:\SPECOLL\newWalterScott\biography\backgr.html --> libcd2.lib.ed.ac.uk /disk/d3/wscott/biography backgr.html
2001.10.19 16:58 B J:\SPECOLL\newWalterScott\biography\ballant.html --> libcd2.lib.ed.ac.uk /disk/d3/wscott/biography ballant.html
2001.10.19 16:58 B J:\SPECOLL\newWalterScott\biography\beginning.html --> libcd2.lib.ed.ac.uk /disk/d3/wscott/biography beginning.html
2001.10.19 16:58 B J:\SPECOLL\newWalterScott\biography\chronology.html --> libcd2.lib.ed.ac.uk /disk/d3/wscott/biography chronology.html
2001.10.19 16:58 B J:\SPECOLL\newWalterScott\biography\finance.html --> libcd2.lib.ed.ac.uk /disk/d3/wscott/biography finance.html
2001.10.19 16:58 B J:\SPECOLL\newWalterScott\biography\hogg.html --> libcd2.lib.ed.ac.uk /disk/d3/wscott/biography hogg.html
2001.10.19 16:58 B J:\SPECOLL\newWalterScott\biography\index.html --> libcd2.lib.ed.ac.uk /disk/d3/wscott/biography index.html
2001.10.19 16:58 B J:\SPECOLL\newWalterScott\biography\novel.html --> libcd2.lib.ed.ac.uk /disk/d3/wscott/biography novel.html
2001.10.19 16:58 B J:\SPECOLL\newWalterScott\biography\poet.html --> libcd2.lib.ed.ac.uk /disk/d3/wscott/biography poet.html
2001.10.19 16:58 B J:\SPECOLL\newWalterScott\biography\WS_FTP.LOG --> libcd2.lib.ed.ac.uk /disk/d3/wscott/biography WS_FTP.LOG
2001.10.19 17:02 B J:\SPECOLL\newWalterScott\biography\index.html --> libcd2.lib.ed.ac.uk /disk/d3/wscott/biography index.html
2001.10.19 17:02 B J:\SPECOLL\newWalterScott\biography\novel.html --> libcd2.lib.ed.ac.uk /disk/d3/wscott/biography novel.html
2001.10.19 17:07 B J:\SPECOLL\newWalterScott\biography\index.html --> libcd2.lib.ed.ac.uk /disk/d3/wscott/biography index.html
2001.10.23 13:27 B J:\SPECOLL\newWalterScott\biography\index.html --> libcd2.lib.ed.ac.uk /disk/d3/wscott/biography index.html
2001.10.23 13:27 B J:\SPECOLL\newWalterScott\biography\novel.html --> libcd2.lib.ed.ac.uk /disk/d3/wscott/biography novel.html
2001.10.23 13:27 B J:\SPECOLL\newWalterScott\biography\WS_FTP.LOG --> libcd2.lib.ed.ac.uk /disk/d3/wscott/biography WS_FTP.LOG
2001.11.02 10:50 B J:\SPECOLL\newWalterScott\biography\WS_FTP.LOG --> libcd2.lib.ed.ac.uk /disk/d3/wscott/biography WS_FTP.LOG
2001.11.02 11:28 B J:\SPECOLL\newWalterScott\biography\homes.html --> libcd2.lib.ed.ac.uk /disk/d3/wscott/biography homes.html
2001.11.02 11:29 B J:\SPECOLL\newWalterScott\biography\homes.html --> libcd2.lib.ed.ac.uk /disk/d3/wscott/biography homes.html
2001.11.02 11:29 B J:\SPECOLL\newWalterScott\biography\homes.html --> libcd2.lib.ed.ac.uk /disk/d3/wscott/biography homes.html
2001.11.02 11:31 B J:\SPECOLL\newWalterScott\biography\homes.html --> libcd2.lib.ed.ac.uk /disk/d3/wscott/biography homes.html
2001.11.02 11:31 B J:\SPECOLL\newWalterScott\biography\homes.html --> libcd2.lib.ed.ac.uk /disk/d3/wscott/biography homes.html
2001.11.02 11:33 B J:\SPECOLL\newWalterScott\biography\homes.html --> libcd2.lib.ed.ac.uk /disk/d3/wscott/biography homes.html
2001.11.02 11:33 B J:\SPECOLL\newWalterScott\biography\wynd.html --> libcd2.lib.ed.ac.uk /disk/d3/wscott/biography wynd.html
2001.11.12 14:28 B J:\SPECOLL\newWalterScott\biography\WS_FTP.LOG --> libcd2.lib.ed.ac.uk /disk/d3/wscott/biography WS_FTP.LOG
2001.11.12 14:33 B J:\SPECOLL\newWalterScott\biography\chronology.html --> libcd2.lib.ed.ac.uk /disk/d3/wscott/biography chronology.html
2001.11.12 14:33 B J:\SPECOLL\newWalterScott\biography\WS_FTP.LOG --> libcd2.lib.ed.ac.uk /disk/d3/wscott/biography WS_FTP.LOG
2001.11.12 14:48 B J:\SPECOLL\newWalterScott\biography\homes.html --> libcd2.lib.ed.ac.uk /disk/d3/wscott/biography homes.html
2001.11.12 14:48 B J:\SPECOLL\newWalterScott\biography\homes.html --> libcd2.lib.ed.ac.uk /disk/d3/wscott/biography homes.html
2001.11.20 14:54 B J:\SPECOLL\newWalterScott\biography\homes.html --> libcd2.lib.ed.ac.uk /disk/d3/wscott/biography homes.html
2001.11.20 14:55 B J:\SPECOLL\newWalterScott\biography\homes.html --> libcd2.lib.ed.ac.uk /disk/d3/wscott/biography homes.html
2001.11.20 14:55 B J:\SPECOLL\newWalterScott\biography\map.html --> libcd2.lib.ed.ac.uk /disk/d3/wscott/biography map.html
2001.11.20 16:44 B J:\SPECOLL\newWalterScott\biography\marriage.html --> libcd2.lib.ed.ac.uk /disk/d3/wscott/biography marriage.html
2001.11.20 16:45 B J:\SPECOLL\newWalterScott\biography\cc0003.html --> libcd2.lib.ed.ac.uk /disk/d3/wscott/biography cc0003.html
2001.11.20 16:45 B J:\SPECOLL\newWalterScott\biography\finance.html --> libcd2.lib.ed.ac.uk /disk/d3/wscott/biography finance.html
2001.11.21 15:46 B J:\SPECOLL\newWalterScott\biography\cc0024.html --> libcd2.lib.ed.ac.uk /disk/d3/wscott/biography cc0024.html
2001.11.21 15:46 B J:\SPECOLL\newWalterScott\biography\chronology.html --> libcd2.lib.ed.ac.uk /disk/d3/wscott/biography chronology.html
2001.11.21 16:03 B J:\SPECOLL\newWalterScott\biography\chronology.html --> libcd2.lib.ed.ac.uk /disk/d3/wscott/biography chronology.html
2001.11.21 16:38 B J:\SPECOLL\newWalterScott\biography\cc0028.htm --> libcd2.lib.ed.ac.uk /disk/d3/wscott/biography cc0028.htm
2001.11.21 16:38 B J:\SPECOLL\newWalterScott\biography\chronology.html --> libcd2.lib.ed.ac.uk /disk/d3/wscott/biography chronology.html
2001.11.21 16:44 B J:\SPECOLL\newWalterScott\biography\chronology.html --> libcd2.lib.ed.ac.uk /disk/d3/wscott/biography chronology.html
2001.11.21 16:58 B J:\SPECOLL\newWalterScott\biography\cc0048.htm --> libcd2.lib.ed.ac.uk /disk/d3/wscott/biography cc0048.htm
2001.11.21 16:58 B J:\SPECOLL\newWalterScott\biography\hogg.html --> libcd2.lib.ed.ac.uk /disk/d3/wscott/biography hogg.html
2001.11.21 16:59 B J:\SPECOLL\newWalterScott\biography\hogg.html --> libcd2.lib.ed.ac.uk /disk/d3/wscott/biography hogg.html
2001.11.21 17:00 B J:\SPECOLL\newWalterScott\biography\cc0048.htm --> libcd2.lib.ed.ac.uk /disk/d3/wscott/biography cc0048.htm
2001.11.22 09:02 B J:\SPECOLL\newWalterScott\biography\chronology.html --> libcd2.lib.ed.ac.uk /disk/d3/wscott/biography chronology.html
2001.11.22 09:05 B J:\SPECOLL\newWalterScott\biography\chronology.html --> libcd2.lib.ed.ac.uk /disk/d3/wscott/biography chronology.html
2001.11.22 10:37 B J:\SPECOLL\newWalterScott\biography\cc0013.htm --> libcd2.lib.ed.ac.uk /disk/d3/wscott/biography cc0013.htm
2001.11.22 10:37 B J:\SPECOLL\newWalterScott\biography\beginning.html --> libcd2.lib.ed.ac.uk /disk/d3/wscott/biography beginning.html
2001.11.22 10:37 B J:\SPECOLL\newWalterScott\biography\beginning.html --> libcd2.lib.ed.ac.uk /disk/d3/wscott/biography beginning.html
2001.11.22 10:38 B J:\SPECOLL\newWalterScott\biography\beginning.html --> libcd2.lib.ed.ac.uk /disk/d3/wscott/biography beginning.html
2001.11.22 10:54 B J:\SPECOLL\newWalterScott\biography\cc0059.htm --> libcd2.lib.ed.ac.uk /disk/d3/wscott/biography cc0059.htm
2001.11.22 10:54 B J:\SPECOLL\newWalterScott\biography\chronology.html --> libcd2.lib.ed.ac.uk /disk/d3/wscott/biography chronology.html
2001.11.22 10:54 B J:\SPECOLL\newWalterScott\biography\finance.html --> libcd2.lib.ed.ac.uk /disk/d3/wscott/biography finance.html
2001.11.22 10:54 B J:\SPECOLL\newWalterScott\biography\hogg.html --> libcd2.lib.ed.ac.uk /disk/d3/wscott/biography hogg.html
2001.11.22 10:54 B J:\SPECOLL\newWalterScott\biography\homes.html --> libcd2.lib.ed.ac.uk /disk/d3/wscott/biography homes.html
2001.11.22 10:54 B J:\SPECOLL\newWalterScott\biography\marriage.html --> libcd2.lib.ed.ac.uk /disk/d3/wscott/biography marriage.html
2001.11.22 10:54 B J:\SPECOLL\newWalterScott\biography\WS_FTP.LOG --> libcd2.lib.ed.ac.uk /disk/d3/wscott/biography WS_FTP.LOG
2001.11.22 10:55 B J:\SPECOLL\newWalterScott\biography\chronology.html --> libcd2.lib.ed.ac.uk /disk/d3/wscott/biography chronology.html
2001.11.22 11:24 B J:\SPECOLL\newWalterScott\biography\chronology.html --> libcd2.lib.ed.ac.uk /disk/d3/wscott/biography chronology.html
2001.11.22 11:24 B J:\SPECOLL\newWalterScott\biography\WS_FTP.LOG --> libcd2.lib.ed.ac.uk /disk/d3/wscott/biography WS_FTP.LOG
2001.11.22 11:25 B J:\SPECOLL\newWalterScott\biography\chronology.html --> libcd2.lib.ed.ac.uk /disk/d3/wscott/biography chronology.html
2001.11.23 10:06 B J:\SPECOLL\newWalterScott\biography\beginning.html --> libcd2.lib.ed.ac.uk /disk/d3/wscott/biography beginning.html
2001.11.23 10:06 B J:\SPECOLL\newWalterScott\biography\chronology.html --> libcd2.lib.ed.ac.uk /disk/d3/wscott/biography chronology.html
2001.11.23 10:06 B J:\SPECOLL\newWalterScott\biography\WS_FTP.LOG --> libcd2.lib.ed.ac.uk /disk/d3/wscott/biography WS_FTP.LOG
2001.11.26 15:26 B J:\SPECOLL\newWalterScott\biography\authorship.html --> libcd2.lib.ed.ac.uk /disk/d3/wscott/biography authorship.html
2001.11.26 15:26 B J:\SPECOLL\newWalterScott\biography\backgr.html --> libcd2.lib.ed.ac.uk /disk/d3/wscott/biography backgr.html
2001.11.26 15:26 B J:\SPECOLL\newWalterScott\biography\ballant.html --> libcd2.lib.ed.ac.uk /disk/d3/wscott/biography ballant.html
2001.11.26 15:26 B J:\SPECOLL\newWalterScott\biography\beginning.html --> libcd2.lib.ed.ac.uk /disk/d3/wscott/biography beginning.html
2001.11.26 15:26 B J:\SPECOLL\newWalterScott\biography\burns.html --> libcd2.lib.ed.ac.uk /disk/d3/wscott/biography burns.html
2001.11.26 15:26 B J:\SPECOLL\newWalterScott\biography\chronology.html --> libcd2.lib.ed.ac.uk /disk/d3/wscott/biography chronology.html
2001.11.26 15:26 B J:\SPECOLL\newWalterScott\biography\finance.html --> libcd2.lib.ed.ac.uk /disk/d3/wscott/biography finance.html
2001.11.26 15:26 B J:\SPECOLL\newWalterScott\biography\hogg.html --> libcd2.lib.ed.ac.uk /disk/d3/wscott/biography hogg.html
2001.11.26 15:26 B J:\SPECOLL\newWalterScott\biography\homes.html --> libcd2.lib.ed.ac.uk /disk/d3/wscott/biography homes.html
2001.11.26 15:26 B J:\SPECOLL\newWalterScott\biography\index.html --> libcd2.lib.ed.ac.uk /disk/d3/wscott/biography index.html
2001.11.26 15:26 B J:\SPECOLL\newWalterScott\biography\marriage.html --> libcd2.lib.ed.ac.uk /disk/d3/wscott/biography marriage.html
2001.11.26 15:26 B J:\SPECOLL\newWalterScott\biography\novel.html --> libcd2.lib.ed.ac.uk /disk/d3/wscott/biography novel.html
2001.11.26 15:26 B J:\SPECOLL\newWalterScott\biography\poet.html --> libcd2.lib.ed.ac.uk /disk/d3/wscott/biography poet.html
2001.11.26 15:26 B J:\SPECOLL\newWalterScott\biography\WS_FTP.LOG --> libcd2.lib.ed.ac.uk /disk/d3/wscott/biography WS_FTP.LOG
2001.11.30 14:17 B J:\SPECOLL\newWalterScott\biography\abbot.html --> libcd2.lib.ed.ac.uk /disk/d3/wscott/biography abbot.html
2001.11.30 14:17 B J:\SPECOLL\newWalterScott\biography\plan.html --> libcd2.lib.ed.ac.uk /disk/d3/wscott/biography plan.html
2001.11.30 14:17 B J:\SPECOLL\newWalterScott\biography\homes.html --> libcd2.lib.ed.ac.uk /disk/d3/wscott/biography homes.html
2001.11.30 14:20 B J:\SPECOLL\newWalterScott\biography\homes.html --> libcd2.lib.ed.ac.uk /disk/d3/wscott/biography homes.html
2001.11.30 14:23 B J:\SPECOLL\newWalterScott\biography\homes.html --> libcd2.lib.ed.ac.uk /disk/d3/wscott/biography homes.html
2001.11.30 14:24 B J:\SPECOLL\newWalterScott\biography\homes.html --> libcd2.lib.ed.ac.uk /disk/d3/wscott/biography homes.html
2001.11.30 14:25 B J:\SPECOLL\newWalterScott\biography\homes.html --> libcd2.lib.ed.ac.uk /disk/d3/wscott/biography homes.html
2001.11.30 16:07 B J:\SPECOLL\newWalterScott\biography\homes.html --> libcd2.lib.ed.ac.uk /disk/d3/wscott/biography homes.html
2001.11.30 16:08 B J:\SPECOLL\newWalterScott\biography\plan.html --> libcd2.lib.ed.ac.uk /disk/d3/wscott/biography plan.html
2001.11.30 16:09 B J:\SPECOLL\newWalterScott\biography\homes.html --> libcd2.lib.ed.ac.uk /disk/d3/wscott/biography homes.html
2001.12.04 12:29 B J:\SPECOLL\newWalterScott\biography\cc0028.html --> libcd2.lib.ed.ac.uk /disk/d3/wscott/biography cc0028.html
2001.12.04 12:29 B J:\SPECOLL\newWalterScott\biography\cc0048.html --> libcd2.lib.ed.ac.uk /disk/d3/wscott/biography cc0048.html
2001.12.04 12:29 B J:\SPECOLL\newWalterScott\biography\cc0059.html --> libcd2.lib.ed.ac.uk /disk/d3/wscott/biography cc0059.html
2001.12.04 12:29 B J:\SPECOLL\newWalterScott\biography\chronology.html --> libcd2.lib.ed.ac.uk /disk/d3/wscott/biography chronology.html
2001.12.04 12:29 B J:\SPECOLL\newWalterScott\biography\hogg.html --> libcd2.lib.ed.ac.uk /disk/d3/wscott/biography hogg.html
2001.12.04 12:29 B J:\SPECOLL\newWalterScott\biography\WS_FTP.LOG --> libcd2.lib.ed.ac.uk /disk/d3/wscott/biography WS_FTP.LOG
2001.12.04 12:34 B J:\SPECOLL\newWalterScott\biography\homes.html --> libcd2.lib.ed.ac.uk /disk/d3/wscott/biography homes.html
2001.12.06 15:52 B J:\SPECOLL\newWalterScott\biography\beginning.html --> libcd2.lib.ed.ac.uk /disk/d3/wscott/biography beginning.html
2001.12.06 15:52 B J:\SPECOLL\newWalterScott\biography\cc0013.html --> libcd2.lib.ed.ac.uk /disk/d3/wscott/biography cc0013.html
2001.12.06 15:52 B J:\SPECOLL\newWalterScott\biography\WS_FTP.LOG --> libcd2.lib.ed.ac.uk /disk/d3/wscott/biography WS_FTP.LOG
2001.12.07 09:22 B J:\SPECOLL\newWalterScott\biography\hogg.html --> libcd2.lib.ed.ac.uk /disk/d3/wscott/biography hogg.html
2001.12.07 09:23 B J:\SPECOLL\newWalterScott\biography\hogg.html --> libcd2.lib.ed.ac.uk /disk/d3/wscott/biography hogg.html
2001.12.07 09:24 B J:\SPECOLL\newWalterScott\biography\hogg.html --> libcd2.lib.ed.ac.uk /disk/d3/wscott/biography hogg.html
2001.12.07 09:25 B J:\SPECOLL\newWalterScott\biography\hogg.html --> libcd2.lib.ed.ac.uk /disk/d3/wscott/biography hogg.html
2001.12.14 14:44 B J:\SPECOLL\newWalterScott\biography\homes.html --> libcd2.lib.ed.ac.uk /disk/d3/wscott/biography homes.html
2002.01.10 12:09 B J:\SPECOLL\newWalterScott\biography\marriage.html --> libcd2.lib.ed.ac.uk /disk/d3/wscott/biography marriage.html
2002.02.11 11:39 B J:\SPECOLL\newWalterScott\biography\index.html --> libcd2.lib.ed.ac.uk /disk/d3/wscott/biography index.html
2002.05.06 10:08 B J:\specoll\newwalterscott\biography\index.html --> libcd2.lib.ed.ac.uk /disk/d3/wscott/biography index.html
2002.05.06 10:11 B J:\specoll\newwalterscott\biography\authorship.html --> libcd2.lib.ed.ac.uk /disk/d3/wscott/biography authorship.html
2002.05.06 10:11 B J:\specoll\newwalterscott\biography\backgr.html --> libcd2.lib.ed.ac.uk /disk/d3/wscott/biography backgr.html
2002.05.06 10:11 B J:\specoll\newwalterscott\biography\ballant.html --> libcd2.lib.ed.ac.uk /disk/d3/wscott/biography ballant.html
2002.05.06 10:11 B J:\specoll\newwalterscott\biography\blank.html --> libcd2.lib.ed.ac.uk /disk/d3/wscott/biography blank.html
2002.05.06 10:11 B J:\specoll\newwalterscott\biography\burns.html --> libcd2.lib.ed.ac.uk /disk/d3/wscott/biography burns.html
2002.05.06 10:11 B J:\specoll\newwalterscott\biography\marriage.html --> libcd2.lib.ed.ac.uk /disk/d3/wscott/biography marriage.html
2002.05.06 10:11 B J:\specoll\newwalterscott\biography\novel.html --> libcd2.lib.ed.ac.uk /disk/d3/wscott/biography novel.html
2002.05.06 10:11 B J:\specoll\newwalterscott\biography\poet.html --> libcd2.lib.ed.ac.uk /disk/d3/wscott/biography poet.html
2002.05.06 10:11 B J:\specoll\newwalterscott\biography\sandy.html --> libcd2.lib.ed.ac.uk /disk/d3/wscott/biography sandy.html
2002.05.06 10:11 B J:\specoll\newwalterscott\biography\ws_ftp.log --> libcd2.lib.ed.ac.uk /disk/d3/wscott/biography ws_ftp.log
2002.05.06 10:11 B J:\specoll\newwalterscott\biography\wynd.html --> libcd2.lib.ed.ac.uk /disk/d3/wscott/biography wynd.html
