2001.08.28 10:25 B J:\SPECOLL\newWalterScott\works\novels\graphics\cc0083.JPG <-- libcd1 /disk/d12/digit12/corscoll/jpeg cc0083.JPG
2001.08.28 10:25 B J:\SPECOLL\newWalterScott\works\novels\graphics\cc0009.JPG <-- libcd1 /disk/d12/digit12/corscoll/jpeg cc0009.JPG
2001.08.28 10:25 B J:\SPECOLL\newWalterScott\works\novels\graphics\cc0038.JPG <-- libcd1 /disk/d12/digit12/corscoll/jpeg cc0038.JPG
2001.08.28 10:25 B J:\SPECOLL\newWalterScott\works\novels\graphics\cc0056.JPG <-- libcd1 /disk/d12/digit12/corscoll/jpeg cc0056.JPG
2001.08.28 10:25 B J:\SPECOLL\newWalterScott\works\novels\graphics\cc0078.JPG <-- libcd1 /disk/d12/digit12/corscoll/jpeg cc0078.JPG
2001.08.28 10:26 B J:\SPECOLL\newWalterScott\works\novels\graphics\cc0008.JPG <-- libcd1 /disk/d12/digit12/corscoll/jpeg cc0008.JPG
2001.08.28 10:26 B J:\SPECOLL\newWalterScott\works\novels\graphics\cc0062.JPG <-- libcd1 /disk/d12/digit12/corscoll/jpeg cc0062.JPG
2001.08.28 10:26 B J:\SPECOLL\newWalterScott\works\novels\graphics\cc0085.JPG <-- libcd1 /disk/d12/digit12/corscoll/jpeg cc0085.JPG
2001.08.28 10:26 B J:\SPECOLL\newWalterScott\works\novels\graphics\cc0091.JPG <-- libcd1 /disk/d12/digit12/corscoll/jpeg cc0091.JPG
2001.08.28 10:26 B J:\SPECOLL\newWalterScott\works\novels\graphics\cc0064.JPG <-- libcd1 /disk/d12/digit12/corscoll/jpeg cc0064.JPG
2001.08.28 10:26 B J:\SPECOLL\newWalterScott\works\novels\graphics\cc0086.JPG <-- libcd1 /disk/d12/digit12/corscoll/jpeg cc0086.JPG
2001.08.28 10:26 B J:\SPECOLL\newWalterScott\works\novels\graphics\cc0005.JPG <-- libcd1 /disk/d12/digit12/corscoll/jpeg cc0005.JPG
2001.08.28 10:26 B J:\SPECOLL\newWalterScott\works\novels\graphics\cc0034.JPG <-- libcd1 /disk/d12/digit12/corscoll/jpeg cc0034.JPG
2001.08.28 10:26 B J:\SPECOLL\newWalterScott\works\novels\graphics\cc0082.JPG <-- libcd1 /disk/d12/digit12/corscoll/jpeg cc0082.JPG
2001.08.28 11:02 B J:\SPECOLL\newWalterScott\works\novels\graphics\cc0023.JPG <-- libcd1 /disk/d12/digit12/corscoll/jpeg cc0023.JPG
2001.08.28 11:02 B J:\SPECOLL\newWalterScott\works\novels\graphics\cc0046.JPG <-- libcd1 /disk/d12/digit12/corscoll/jpeg cc0046.JPG
2001.08.28 11:02 B J:\SPECOLL\newWalterScott\works\novels\graphics\cc0040.JPG <-- libcd1 /disk/d12/digit12/corscoll/jpeg cc0040.JPG
2001.08.28 11:03 B J:\SPECOLL\newWalterScott\works\novels\graphics\cc0092.JPG <-- libcd1 /disk/d12/digit12/corscoll/jpeg cc0092.JPG
2001.08.28 11:03 B J:\SPECOLL\newWalterScott\works\novels\graphics\cc0089.JPG <-- libcd1 /disk/d12/digit12/corscoll/jpeg cc0089.JPG
2001.08.28 11:03 B J:\SPECOLL\newWalterScott\works\novels\graphics\cc0037.JPG <-- libcd1 /disk/d12/digit12/corscoll/jpeg cc0037.JPG
2001.08.29 11:18 B J:\SPECOLL\newWalterScott\works\novels\graphics\cc0014.JPG <-- WS_FTP32 /disk/d12/digit12/corscoll/jpeg cc0014.JPG
2001.08.29 11:18 B J:\SPECOLL\newWalterScott\works\novels\graphics\cc0095.JPG <-- WS_FTP32 /disk/d12/digit12/corscoll/jpeg cc0095.JPG
2001.08.29 11:19 B J:\SPECOLL\newWalterScott\works\novels\graphics\cc0064.JPG <-- WS_FTP32 /disk/d12/digit12/corscoll/jpeg cc0064.JPG
2001.08.29 11:19 B J:\SPECOLL\newWalterScott\works\novels\graphics\cc0080.JPG <-- WS_FTP32 /disk/d12/digit12/corscoll/jpeg cc0080.JPG
2001.08.29 11:19 B J:\SPECOLL\newWalterScott\works\novels\graphics\cc0033.JPG <-- WS_FTP32 /disk/d12/digit12/corscoll/jpeg cc0033.JPG
2001.08.29 11:19 B J:\SPECOLL\newWalterScott\works\novels\graphics\cc0099.JPG <-- WS_FTP32 /disk/d12/digit12/corscoll/jpeg cc0099.JPG
2001.10.12 15:56 B J:\SPECOLL\newWalterScott\works\novels\graphics\cc08.gif --> libcd2.lib.ed.ac.uk /disk/d3/wscott/works/novels/graphics cc08.gif
2001.10.12 15:56 B J:\SPECOLL\newWalterScott\works\novels\graphics\cc09.gif --> libcd2.lib.ed.ac.uk /disk/d3/wscott/works/novels/graphics cc09.gif
2001.10.12 15:56 B J:\SPECOLL\newWalterScott\works\novels\graphics\cc12.gif --> libcd2.lib.ed.ac.uk /disk/d3/wscott/works/novels/graphics cc12.gif
2001.10.12 15:56 B J:\SPECOLL\newWalterScott\works\novels\graphics\cc14.gif --> libcd2.lib.ed.ac.uk /disk/d3/wscott/works/novels/graphics cc14.gif
2001.10.12 15:56 B J:\SPECOLL\newWalterScott\works\novels\graphics\cc20.gif --> libcd2.lib.ed.ac.uk /disk/d3/wscott/works/novels/graphics cc20.gif
2001.10.12 15:56 B J:\SPECOLL\newWalterScott\works\novels\graphics\cc22.gif --> libcd2.lib.ed.ac.uk /disk/d3/wscott/works/novels/graphics cc22.gif
2001.10.12 15:56 B J:\SPECOLL\newWalterScott\works\novels\graphics\cc23.gif --> libcd2.lib.ed.ac.uk /disk/d3/wscott/works/novels/graphics cc23.gif
2001.10.12 15:56 B J:\SPECOLL\newWalterScott\works\novels\graphics\cc25.gif --> libcd2.lib.ed.ac.uk /disk/d3/wscott/works/novels/graphics cc25.gif
2001.10.12 15:56 B J:\SPECOLL\newWalterScott\works\novels\graphics\cc32.gif --> libcd2.lib.ed.ac.uk /disk/d3/wscott/works/novels/graphics cc32.gif
2001.10.12 15:56 B J:\SPECOLL\newWalterScott\works\novels\graphics\cc33.gif --> libcd2.lib.ed.ac.uk /disk/d3/wscott/works/novels/graphics cc33.gif
2001.10.12 15:56 B J:\SPECOLL\newWalterScott\works\novels\graphics\cc34.gif --> libcd2.lib.ed.ac.uk /disk/d3/wscott/works/novels/graphics cc34.gif
2001.10.12 15:56 B J:\SPECOLL\newWalterScott\works\novels\graphics\cc35.gif --> libcd2.lib.ed.ac.uk /disk/d3/wscott/works/novels/graphics cc35.gif
2001.10.12 15:56 B J:\SPECOLL\newWalterScott\works\novels\graphics\cc37.gif --> libcd2.lib.ed.ac.uk /disk/d3/wscott/works/novels/graphics cc37.gif
2001.10.12 15:56 B J:\SPECOLL\newWalterScott\works\novels\graphics\cc38.gif --> libcd2.lib.ed.ac.uk /disk/d3/wscott/works/novels/graphics cc38.gif
2001.10.12 15:56 B J:\SPECOLL\newWalterScott\works\novels\graphics\cc39.gif --> libcd2.lib.ed.ac.uk /disk/d3/wscott/works/novels/graphics cc39.gif
2001.10.12 15:56 B J:\SPECOLL\newWalterScott\works\novels\graphics\cc40.gif --> libcd2.lib.ed.ac.uk /disk/d3/wscott/works/novels/graphics cc40.gif
2001.10.12 15:56 B J:\SPECOLL\newWalterScott\works\novels\graphics\cc44.gif --> libcd2.lib.ed.ac.uk /disk/d3/wscott/works/novels/graphics cc44.gif
2001.10.12 15:56 B J:\SPECOLL\newWalterScott\works\novels\graphics\cc46.gif --> libcd2.lib.ed.ac.uk /disk/d3/wscott/works/novels/graphics cc46.gif
2001.10.12 15:56 B J:\SPECOLL\newWalterScott\works\novels\graphics\cc47.gif --> libcd2.lib.ed.ac.uk /disk/d3/wscott/works/novels/graphics cc47.gif
2001.10.12 15:56 B J:\SPECOLL\newWalterScott\works\novels\graphics\cc49.gif --> libcd2.lib.ed.ac.uk /disk/d3/wscott/works/novels/graphics cc49.gif
2001.10.12 15:56 B J:\SPECOLL\newWalterScott\works\novels\graphics\cc51.gif --> libcd2.lib.ed.ac.uk /disk/d3/wscott/works/novels/graphics cc51.gif
2001.10.12 15:56 B J:\SPECOLL\newWalterScott\works\novels\graphics\cc56.gif --> libcd2.lib.ed.ac.uk /disk/d3/wscott/works/novels/graphics cc56.gif
2001.10.12 15:56 B J:\SPECOLL\newWalterScott\works\novels\graphics\cc57.gif --> libcd2.lib.ed.ac.uk /disk/d3/wscott/works/novels/graphics cc57.gif
2001.10.12 15:56 B J:\SPECOLL\newWalterScott\works\novels\graphics\cc60.gif --> libcd2.lib.ed.ac.uk /disk/d3/wscott/works/novels/graphics cc60.gif
2001.10.12 15:56 B J:\SPECOLL\newWalterScott\works\novels\graphics\cc64.gif --> libcd2.lib.ed.ac.uk /disk/d3/wscott/works/novels/graphics cc64.gif
2001.10.12 15:56 B J:\SPECOLL\newWalterScott\works\novels\graphics\cc64b.gif --> libcd2.lib.ed.ac.uk /disk/d3/wscott/works/novels/graphics cc64b.gif
2001.10.12 15:56 B J:\SPECOLL\newWalterScott\works\novels\graphics\cc78.gif --> libcd2.lib.ed.ac.uk /disk/d3/wscott/works/novels/graphics cc78.gif
2001.10.12 15:56 B J:\SPECOLL\newWalterScott\works\novels\graphics\cc80.gif --> libcd2.lib.ed.ac.uk /disk/d3/wscott/works/novels/graphics cc80.gif
2001.10.12 15:56 B J:\SPECOLL\newWalterScott\works\novels\graphics\cc82.gif --> libcd2.lib.ed.ac.uk /disk/d3/wscott/works/novels/graphics cc82.gif
2001.10.12 15:56 B J:\SPECOLL\newWalterScott\works\novels\graphics\cc83.gif --> libcd2.lib.ed.ac.uk /disk/d3/wscott/works/novels/graphics cc83.gif
2001.10.12 15:56 B J:\SPECOLL\newWalterScott\works\novels\graphics\cc84.gif --> libcd2.lib.ed.ac.uk /disk/d3/wscott/works/novels/graphics cc84.gif
2001.10.12 15:56 B J:\SPECOLL\newWalterScott\works\novels\graphics\cc85.gif --> libcd2.lib.ed.ac.uk /disk/d3/wscott/works/novels/graphics cc85.gif
2001.10.12 15:56 B J:\SPECOLL\newWalterScott\works\novels\graphics\cc86.gif --> libcd2.lib.ed.ac.uk /disk/d3/wscott/works/novels/graphics cc86.gif
2001.10.12 15:56 B J:\SPECOLL\newWalterScott\works\novels\graphics\cc89.gif --> libcd2.lib.ed.ac.uk /disk/d3/wscott/works/novels/graphics cc89.gif
2001.10.12 15:56 B J:\SPECOLL\newWalterScott\works\novels\graphics\cc91.gif --> libcd2.lib.ed.ac.uk /disk/d3/wscott/works/novels/graphics cc91.gif
2001.10.12 15:56 B J:\SPECOLL\newWalterScott\works\novels\graphics\cc94.gif --> libcd2.lib.ed.ac.uk /disk/d3/wscott/works/novels/graphics cc94.gif
2001.10.12 15:56 B J:\SPECOLL\newWalterScott\works\novels\graphics\cc95.gif --> libcd2.lib.ed.ac.uk /disk/d3/wscott/works/novels/graphics cc95.gif
2001.10.12 15:56 B J:\SPECOLL\newWalterScott\works\novels\graphics\cc99.gif --> libcd2.lib.ed.ac.uk /disk/d3/wscott/works/novels/graphics cc99.gif
2001.10.12 15:56 B J:\SPECOLL\newWalterScott\works\novels\graphics\knight.jpg --> libcd2.lib.ed.ac.uk /disk/d3/wscott/works/novels/graphics knight.jpg
2001.10.12 15:56 B J:\SPECOLL\newWalterScott\works\novels\graphics\WS_FTP.LOG --> libcd2.lib.ed.ac.uk /disk/d3/wscott/works/novels/graphics WS_FTP.LOG
2001.10.19 16:58 B J:\SPECOLL\newWalterScott\works\novels\graphics\WS_FTP.LOG --> libcd2.lib.ed.ac.uk /disk/d3/wscott/works/novels/graphics WS_FTP.LOG
2001.10.23 13:27 B J:\SPECOLL\newWalterScott\works\novels\graphics\WS_FTP.LOG --> libcd2.lib.ed.ac.uk /disk/d3/wscott/works/novels/graphics WS_FTP.LOG
2001.11.02 10:51 B J:\SPECOLL\newWalterScott\works\novels\graphics\WS_FTP.LOG --> libcd2.lib.ed.ac.uk /disk/d3/wscott/works/novels/graphics WS_FTP.LOG
2001.11.05 11:09 B J:\SPECOLL\newWalterScott\works\novels\graphics\WS_FTP.LOG --> libcd2.lib.ed.ac.uk /disk/d3/wscott/works/novels/graphics WS_FTP.LOG
2001.11.12 14:28 B J:\SPECOLL\newWalterScott\works\novels\graphics\WS_FTP.LOG --> libcd2.lib.ed.ac.uk /disk/d3/wscott/works/novels/graphics WS_FTP.LOG
2001.11.12 14:33 B J:\SPECOLL\newWalterScott\works\novels\graphics\WS_FTP.LOG --> libcd2.lib.ed.ac.uk /disk/d3/wscott/works/novels/graphics WS_FTP.LOG
2001.11.12 14:35 B J:\SPECOLL\newWalterScott\works\novels\graphics\WS_FTP.LOG --> libcd2.lib.ed.ac.uk /disk/d3/wscott/works/novels/graphics WS_FTP.LOG
2001.11.20 14:59 B J:\SPECOLL\newWalterScott\works\novels\graphics\cc0060.jpg --> libcd2.lib.ed.ac.uk /disk/d3/wscott/works/novels/graphics cc0060.jpg
2001.11.20 14:59 B J:\SPECOLL\newWalterScott\works\novels\graphics\s0060.jpg --> libcd2.lib.ed.ac.uk /disk/d3/wscott/works/novels/graphics s0060.jpg
2001.11.20 14:59 B J:\SPECOLL\newWalterScott\works\novels\graphics\WS_FTP.LOG --> libcd2.lib.ed.ac.uk /disk/d3/wscott/works/novels/graphics WS_FTP.LOG
2001.11.29 10:35 B J:\SPECOLL\newWalterScott\works\novels\graphics\WS_FTP.LOG --> libcd2.lib.ed.ac.uk /disk/d3/wscott/works/novels/graphics WS_FTP.LOG
2002.05.06 10:13 B J:\specoll\newwalterscott\works\novels\graphics\ws_ftp.log --> libcd2.lib.ed.ac.uk /disk/d3/wscott/works/novels/graphics ws_ftp.log
